#
# There is insufficient memory for the Java Runtime Environment to continue.
# Native memory allocation (malloc) failed to allocate 1782896 bytes for Chunk::new
# Possible reasons:
#   The system is out of physical RAM or swap space
#   The process is running with CompressedOops enabled, and the Java Heap may be blocking the growth of the native heap
# Possible solutions:
#   Reduce memory load on the system
#   Increase physical memory or swap space
#   Check if swap backing store is full
#   Decrease Java heap size (-Xmx/-Xms)
#   Decrease number of Java threads
#   Decrease Java thread stack sizes (-Xss)
#   Set larger code cache with -XX:ReservedCodeCacheSize=
#   JVM is running with Zero Based Compressed Oops mode in which the Java heap is
#     placed in the first 32GB address space. The Java Heap base address is the
#     maximum limit for the native heap growth. Please use -XX:HeapBaseMinAddress
#     to set the Java Heap base and to place the Java Heap above 32GB virtual address.
# This output file may be truncated or incomplete.
#
#  Out of Memory Error (arena.cpp:189), pid=25604, tid=26408
#
# JRE version: OpenJDK Runtime Environment Corretto-17.0.3.6.1 (17.0.3+6) (build 17.0.3+6-LTS)
# Java VM: OpenJDK 64-Bit Server VM Corretto-17.0.3.6.1 (17.0.3+6-LTS, mixed mode, sharing, tiered, compressed oops, compressed class ptrs, g1 gc, windows-amd64)
# No core dump will be written. Minidumps are not enabled by default on client versions of Windows
#

---------------  S U M M A R Y ------------

Command Line: C:\Users\matfi\AppData\Local\Temp\surefire16602990020178488549\surefirebooter17644041127611858266.jar C:\Users\matfi\AppData\Local\Temp\surefire16602990020178488549 2022-09-10T20-47-51_165-jvmRun1 surefire4377807539259361773tmp surefire_012196053066154018051tmp

Host: Intel(R) Core(TM) i5-10210U CPU @ 1.60GHz, 8 cores, 15G,  Windows 10 , 64 bit Build 19041 (10.0.19041.1889)
Time: Sat Sep 10 20:48:33 2022  Windows 10 , 64 bit Build 19041 (10.0.19041.1889) elapsed time: 40.511180 seconds (0d 0h 0m 40s)

---------------  T H R E A D  ---------------

Current thread (0x0000017d2d1dce00):  JavaThread "C2 CompilerThread0" daemon [_thread_in_native, id=26408, stack(0x00000016da100000,0x00000016da200000)]


Current CompileTask:
C2:  40511 6857       4       sun.reflect.generics.parser.SignatureParser::parseFieldTypeSignature (73 bytes)

Stack: [0x00000016da100000,0x00000016da200000]
Native frames: (J=compiled Java code, j=interpreted, Vv=VM code, C=native code)
V  [jvm.dll+0x645e5a]
V  [jvm.dll+0x7f6fc4]
V  [jvm.dll+0x7f877e]
V  [jvm.dll+0x7f8dd3]
V  [jvm.dll+0x234bb8]
V  [jvm.dll+0xbce1b]
V  [jvm.dll+0xbd3ac]
V  [jvm.dll+0x34d6f2]
V  [jvm.dll+0x31809f]
V  [jvm.dll+0x3174da]
V  [jvm.dll+0x209225]
V  [jvm.dll+0x2087b7]
V  [jvm.dll+0x198b5d]
V  [jvm.dll+0x217b49]
V  [jvm.dll+0x215d9b]
V  [jvm.dll+0x7af68b]
V  [jvm.dll+0x7a9c9a]
V  [jvm.dll+0x644d05]
C  [ucrtbase.dll+0x21bb2]
C  [KERNEL32.DLL+0x17034]
C  [ntdll.dll+0x52651]


---------------  P R O C E S S  ---------------

Threads class SMR info:
_java_thread_list=0x0000017d30ac9830, length=17, elements={
0x0000017d0a325940, 0x0000017d2d1bec70, 0x0000017d2d1bf9f0, 0x0000017d2d1d4500,
0x0000017d2d1d72d0, 0x0000017d2d1d83a0, 0x0000017d2d1d99a0, 0x0000017d2d1dce00,
0x0000017d2d1e73e0, 0x0000017d2d1e9900, 0x0000017d2dd18720, 0x0000017d2dd1a400,
0x0000017d2dd19f30, 0x0000017d2dd18bf0, 0x0000017d2dd18250, 0x0000017d2dd19590,
0x0000017d2e5fec10
}

Java Threads: ( => current thread )
  0x0000017d0a325940 JavaThread "main" [_thread_in_Java, id=21144, stack(0x00000016d9400000,0x00000016d9500000)]
  0x0000017d2d1bec70 JavaThread "Reference Handler" daemon [_thread_blocked, id=25112, stack(0x00000016d9b00000,0x00000016d9c00000)]
  0x0000017d2d1bf9f0 JavaThread "Finalizer" daemon [_thread_blocked, id=14564, stack(0x00000016d9c00000,0x00000016d9d00000)]
  0x0000017d2d1d4500 JavaThread "Signal Dispatcher" daemon [_thread_blocked, id=20512, stack(0x00000016d9d00000,0x00000016d9e00000)]
  0x0000017d2d1d72d0 JavaThread "Attach Listener" daemon [_thread_blocked, id=12080, stack(0x00000016d9e00000,0x00000016d9f00000)]
  0x0000017d2d1d83a0 JavaThread "Service Thread" daemon [_thread_blocked, id=14068, stack(0x00000016d9f00000,0x00000016da000000)]
  0x0000017d2d1d99a0 JavaThread "Monitor Deflation Thread" daemon [_thread_blocked, id=23820, stack(0x00000016da000000,0x00000016da100000)]
=>0x0000017d2d1dce00 JavaThread "C2 CompilerThread0" daemon [_thread_in_native, id=26408, stack(0x00000016da100000,0x00000016da200000)]
  0x0000017d2d1e73e0 JavaThread "C1 CompilerThread0" daemon [_thread_blocked, id=26296, stack(0x00000016da200000,0x00000016da300000)]
  0x0000017d2d1e9900 JavaThread "Sweeper thread" daemon [_thread_blocked, id=4580, stack(0x00000016da300000,0x00000016da400000)]
  0x0000017d2dd18720 JavaThread "Notification Thread" daemon [_thread_blocked, id=26500, stack(0x00000016da400000,0x00000016da500000)]
  0x0000017d2dd1a400 JavaThread "Common-Cleaner" daemon [_thread_blocked, id=14864, stack(0x00000016da600000,0x00000016da700000)]
  0x0000017d2dd19f30 JavaThread "surefire-forkedjvm-command-thread" daemon [_thread_in_native, id=19448, stack(0x00000016da700000,0x00000016da800000)]
  0x0000017d2dd18bf0 JavaThread "surefire-forkedjvm-ping-30s" daemon [_thread_blocked, id=9192, stack(0x00000016da800000,0x00000016da900000)]
  0x0000017d2dd18250 JavaThread "HikariPool-1 housekeeper" daemon [_thread_blocked, id=19372, stack(0x00000016db300000,0x00000016db400000)]
  0x0000017d2dd19590 JavaThread "HikariPool-1 connection adder" daemon [_thread_blocked, id=25752, stack(0x00000016db400000,0x00000016db500000)]
  0x0000017d2e5fec10 JavaThread "C2 CompilerThread1" daemon [_thread_in_native, id=24584, stack(0x00000016db500000,0x00000016db600000)]

Other Threads:
  0x0000017d2d1ba160 VMThread "VM Thread" [stack: 0x00000016d9a00000,0x00000016d9b00000] [id=11920]
  0x0000017d0a3ac430 WatcherThread [stack: 0x00000016da500000,0x00000016da600000] [id=26300]
  0x0000017d0a392020 GCTaskThread "GC Thread#0" [stack: 0x00000016d9500000,0x00000016d9600000] [id=4324]
  0x0000017d2ea341e0 GCTaskThread "GC Thread#1" [stack: 0x00000016da900000,0x00000016daa00000] [id=22808]
  0x0000017d2ea32700 GCTaskThread "GC Thread#2" [stack: 0x00000016daa00000,0x00000016dab00000] [id=16276]
  0x0000017d2ea329b0 GCTaskThread "GC Thread#3" [stack: 0x00000016dab00000,0x00000016dac00000] [id=17420]
  0x0000017d2ea32f10 GCTaskThread "GC Thread#4" [stack: 0x00000016dac00000,0x00000016dad00000] [id=13256]
  0x0000017d2ea331c0 GCTaskThread "GC Thread#5" [stack: 0x00000016dad00000,0x00000016dae00000] [id=24496]
  0x0000017d2ea32c60 GCTaskThread "GC Thread#6" [stack: 0x00000016dae00000,0x00000016daf00000] [id=21904]
  0x0000017d2ea33720 GCTaskThread "GC Thread#7" [stack: 0x00000016db000000,0x00000016db100000] [id=14392]
  0x0000017d0a3a3f00 ConcurrentGCThread "G1 Main Marker" [stack: 0x00000016d9600000,0x00000016d9700000] [id=24060]
  0x0000017d0a3a6070 ConcurrentGCThread "G1 Conc#0" [stack: 0x00000016d9700000,0x00000016d9800000] [id=16188]
  0x0000017d2f1b72b0 ConcurrentGCThread "G1 Conc#1" [stack: 0x00000016db100000,0x00000016db200000] [id=23804]
  0x0000017d0a3fa0d0 ConcurrentGCThread "G1 Refine#0" [stack: 0x00000016d9800000,0x00000016d9900000] [id=17964]
  0x0000017d2e9d5be0 ConcurrentGCThread "G1 Refine#1" [stack: 0x00000016daf00000,0x00000016db000000] [id=25452]
  0x0000017d0a3faa00 ConcurrentGCThread "G1 Service" [stack: 0x00000016d9900000,0x00000016d9a00000] [id=9972]

Threads with active compile tasks:
C2 CompilerThread0    40598 6857       4       sun.reflect.generics.parser.SignatureParser::parseFieldTypeSignature (73 bytes)
C2 CompilerThread1    40599 6860       4       sun.reflect.generics.parser.SignatureParser::parsePackageNameAndSimpleClassTypeSignature (119 bytes)

VM state: not at safepoint (normal execution)

VM Mutex/Monitor currently owned by a thread: None

Heap address: 0x0000000703800000, size: 4040 MB, Compressed Oops mode: Zero based, Oop shift amount: 3

CDS archive(s) mapped at: [0x0000000800000000-0x0000000800bc0000-0x0000000800bc0000), size 12320768, SharedBaseAddress: 0x0000000800000000, ArchiveRelocationMode: 0.
Compressed class space mapped at: 0x0000000800c00000-0x0000000840c00000, reserved size: 1073741824
Narrow klass base: 0x0000000800000000, Narrow klass shift: 0, Narrow klass range: 0x100000000

GC Precious Log:
 CPUs: 8 total, 8 available
 Memory: 16157M
 Large Page Support: Disabled
 NUMA Support: Disabled
 Compressed Oops: Enabled (Zero based)
 Heap Region Size: 2M
 Heap Min Capacity: 8M
 Heap Initial Capacity: 254M
 Heap Max Capacity: 4040M
 Pre-touch: Disabled
 Parallel Workers: 8
 Concurrent Workers: 2
 Concurrent Refinement Workers: 8
 Periodic GC: Disabled

Heap:
 garbage-first heap   total 135168K, used 46288K [0x0000000703800000, 0x0000000800000000)
  region size 2048K, 6 young (12288K), 1 survivors (2048K)
 Metaspace       used 62271K, committed 62656K, reserved 1105920K
  class space    used 8519K, committed 8704K, reserved 1048576K

Heap Regions: E=young(eden), S=young(survivor), O=old, HS=humongous(starts), HC=humongous(continues), CS=collection set, F=free, OA=open archive, CA=closed archive, TAMS=top-at-mark-start (previous, next)
|   0|0x0000000703800000, 0x0000000703a00000, 0x0000000703a00000|100%| O|  |TAMS 0x0000000703a00000, 0x0000000703800000| Untracked 
|   1|0x0000000703a00000, 0x0000000703c00000, 0x0000000703c00000|100%| O|  |TAMS 0x0000000703c00000, 0x0000000703a00000| Untracked 
|   2|0x0000000703c00000, 0x0000000703e00000, 0x0000000703e00000|100%| O|  |TAMS 0x0000000703e00000, 0x0000000703c00000| Untracked 
|   3|0x0000000703e00000, 0x0000000704000000, 0x0000000704000000|100%| O|  |TAMS 0x0000000704000000, 0x0000000703e00000| Untracked 
|   4|0x0000000704000000, 0x0000000704200000, 0x0000000704200000|100%| O|  |TAMS 0x0000000704200000, 0x0000000704000000| Untracked 
|   5|0x0000000704200000, 0x0000000704400000, 0x0000000704400000|100%| O|  |TAMS 0x0000000704400000, 0x0000000704200000| Untracked 
|   6|0x0000000704400000, 0x0000000704600000, 0x0000000704600000|100%| O|  |TAMS 0x0000000704600000, 0x0000000704400000| Untracked 
|   7|0x0000000704600000, 0x0000000704800000, 0x0000000704800000|100%| O|  |TAMS 0x0000000704800000, 0x0000000704600000| Untracked 
|   8|0x0000000704800000, 0x0000000704800000, 0x0000000704a00000|  0%| F|  |TAMS 0x0000000704800000, 0x0000000704800000| Untracked 
|   9|0x0000000704a00000, 0x0000000704c00000, 0x0000000704c00000|100%| O|  |TAMS 0x0000000704c00000, 0x0000000704a00000| Untracked 
|  10|0x0000000704c00000, 0x0000000704e00000, 0x0000000704e00000|100%| O|  |TAMS 0x0000000704e00000, 0x0000000704c00000| Untracked 
|  11|0x0000000704e00000, 0x0000000705000000, 0x0000000705000000|100%| O|  |TAMS 0x0000000705000000, 0x0000000704e00000| Untracked 
|  12|0x0000000705000000, 0x0000000705200000, 0x0000000705200000|100%| O|  |TAMS 0x0000000705200000, 0x0000000705000000| Untracked 
|  13|0x0000000705200000, 0x0000000705400000, 0x0000000705400000|100%| O|  |TAMS 0x0000000705400000, 0x0000000705200000| Untracked 
|  14|0x0000000705400000, 0x0000000705600000, 0x0000000705600000|100%| O|  |TAMS 0x0000000705471a00, 0x0000000705400000| Untracked 
|  15|0x0000000705600000, 0x0000000705800000, 0x0000000705800000|100%| O|  |TAMS 0x0000000705600000, 0x0000000705600000| Untracked 
|  16|0x0000000705800000, 0x0000000705a00000, 0x0000000705a00000|100%| O|  |TAMS 0x0000000705800000, 0x0000000705800000| Untracked 
|  17|0x0000000705a00000, 0x0000000705c00000, 0x0000000705c00000|100%| O|  |TAMS 0x0000000705a00000, 0x0000000705a00000| Untracked 
|  18|0x0000000705c00000, 0x0000000705e00000, 0x0000000705e00000|100%| O|  |TAMS 0x0000000705c00000, 0x0000000705c00000| Untracked 
|  19|0x0000000705e00000, 0x0000000705e3ee00, 0x0000000706000000| 12%| O|  |TAMS 0x0000000705e00000, 0x0000000705e00000| Untracked 
|  20|0x0000000706000000, 0x0000000706000000, 0x0000000706200000|  0%| F|  |TAMS 0x0000000706000000, 0x0000000706000000| Untracked 
|  21|0x0000000706200000, 0x0000000706200000, 0x0000000706400000|  0%| F|  |TAMS 0x0000000706200000, 0x0000000706200000| Untracked 
|  22|0x0000000706400000, 0x0000000706400000, 0x0000000706600000|  0%| F|  |TAMS 0x0000000706400000, 0x0000000706400000| Untracked 
|  23|0x0000000706600000, 0x0000000706600000, 0x0000000706800000|  0%| F|  |TAMS 0x0000000706600000, 0x0000000706600000| Untracked 
|  24|0x0000000706800000, 0x0000000706800000, 0x0000000706a00000|  0%| F|  |TAMS 0x0000000706800000, 0x0000000706800000| Untracked 
|  25|0x0000000706a00000, 0x0000000706a00000, 0x0000000706c00000|  0%| F|  |TAMS 0x0000000706a00000, 0x0000000706a00000| Untracked 
|  26|0x0000000706c00000, 0x0000000706c00000, 0x0000000706e00000|  0%| F|  |TAMS 0x0000000706c00000, 0x0000000706c00000| Untracked 
|  27|0x0000000706e00000, 0x0000000706e00000, 0x0000000707000000|  0%| F|  |TAMS 0x0000000706e00000, 0x0000000706e00000| Untracked 
|  28|0x0000000707000000, 0x0000000707000000, 0x0000000707200000|  0%| F|  |TAMS 0x0000000707000000, 0x0000000707000000| Untracked 
|  29|0x0000000707200000, 0x0000000707200000, 0x0000000707400000|  0%| F|  |TAMS 0x0000000707200000, 0x0000000707200000| Untracked 
|  30|0x0000000707400000, 0x0000000707400000, 0x0000000707600000|  0%| F|  |TAMS 0x0000000707400000, 0x0000000707400000| Untracked 
|  31|0x0000000707600000, 0x0000000707600000, 0x0000000707800000|  0%| F|  |TAMS 0x0000000707600000, 0x0000000707600000| Untracked 
|  32|0x0000000707800000, 0x0000000707800000, 0x0000000707a00000|  0%| F|  |TAMS 0x0000000707800000, 0x0000000707800000| Untracked 
|  33|0x0000000707a00000, 0x0000000707a00000, 0x0000000707c00000|  0%| F|  |TAMS 0x0000000707a00000, 0x0000000707a00000| Untracked 
|  34|0x0000000707c00000, 0x0000000707c00000, 0x0000000707e00000|  0%| F|  |TAMS 0x0000000707c00000, 0x0000000707c00000| Untracked 
|  35|0x0000000707e00000, 0x0000000707e00000, 0x0000000708000000|  0%| F|  |TAMS 0x0000000707e00000, 0x0000000707e00000| Untracked 
|  36|0x0000000708000000, 0x0000000708000000, 0x0000000708200000|  0%| F|  |TAMS 0x0000000708000000, 0x0000000708000000| Untracked 
|  37|0x0000000708200000, 0x0000000708200000, 0x0000000708400000|  0%| F|  |TAMS 0x0000000708200000, 0x0000000708200000| Untracked 
|  38|0x0000000708400000, 0x00000007084f52c0, 0x0000000708600000| 47%| S|CS|TAMS 0x0000000708400000, 0x0000000708400000| Complete 
|  39|0x0000000708600000, 0x0000000708600000, 0x0000000708800000|  0%| F|  |TAMS 0x0000000708600000, 0x0000000708600000| Untracked 
|  40|0x0000000708800000, 0x0000000708800000, 0x0000000708a00000|  0%| F|  |TAMS 0x0000000708800000, 0x0000000708800000| Untracked 
|  41|0x0000000708a00000, 0x0000000708a00000, 0x0000000708c00000|  0%| F|  |TAMS 0x0000000708a00000, 0x0000000708a00000| Untracked 
|  42|0x0000000708c00000, 0x0000000708c00000, 0x0000000708e00000|  0%| F|  |TAMS 0x0000000708c00000, 0x0000000708c00000| Untracked 
|  43|0x0000000708e00000, 0x0000000708e00000, 0x0000000709000000|  0%| F|  |TAMS 0x0000000708e00000, 0x0000000708e00000| Untracked 
|  44|0x0000000709000000, 0x0000000709000000, 0x0000000709200000|  0%| F|  |TAMS 0x0000000709000000, 0x0000000709000000| Untracked 
|  45|0x0000000709200000, 0x0000000709200000, 0x0000000709400000|  0%| F|  |TAMS 0x0000000709200000, 0x0000000709200000| Untracked 
|  46|0x0000000709400000, 0x0000000709400000, 0x0000000709600000|  0%| F|  |TAMS 0x0000000709400000, 0x0000000709400000| Untracked 
|  47|0x0000000709600000, 0x0000000709600000, 0x0000000709800000|  0%| F|  |TAMS 0x0000000709600000, 0x0000000709600000| Untracked 
|  48|0x0000000709800000, 0x0000000709800000, 0x0000000709a00000|  0%| F|  |TAMS 0x0000000709800000, 0x0000000709800000| Untracked 
|  49|0x0000000709a00000, 0x0000000709a00000, 0x0000000709c00000|  0%| F|  |TAMS 0x0000000709a00000, 0x0000000709a00000| Untracked 
|  50|0x0000000709c00000, 0x0000000709c00000, 0x0000000709e00000|  0%| F|  |TAMS 0x0000000709c00000, 0x0000000709c00000| Untracked 
|  51|0x0000000709e00000, 0x0000000709e00000, 0x000000070a000000|  0%| F|  |TAMS 0x0000000709e00000, 0x0000000709e00000| Untracked 
|  52|0x000000070a000000, 0x000000070a000000, 0x000000070a200000|  0%| F|  |TAMS 0x000000070a000000, 0x000000070a000000| Untracked 
|  53|0x000000070a200000, 0x000000070a200000, 0x000000070a400000|  0%| F|  |TAMS 0x000000070a200000, 0x000000070a200000| Untracked 
|  54|0x000000070a400000, 0x000000070a400000, 0x000000070a600000|  0%| F|  |TAMS 0x000000070a400000, 0x000000070a400000| Untracked 
|  55|0x000000070a600000, 0x000000070a600000, 0x000000070a800000|  0%| F|  |TAMS 0x000000070a600000, 0x000000070a600000| Untracked 
|  56|0x000000070a800000, 0x000000070a800000, 0x000000070aa00000|  0%| F|  |TAMS 0x000000070a800000, 0x000000070a800000| Untracked 
|  57|0x000000070aa00000, 0x000000070aa00000, 0x000000070ac00000|  0%| F|  |TAMS 0x000000070aa00000, 0x000000070aa00000| Untracked 
|  58|0x000000070ac00000, 0x000000070ac00000, 0x000000070ae00000|  0%| F|  |TAMS 0x000000070ac00000, 0x000000070ac00000| Untracked 
|  59|0x000000070ae00000, 0x000000070ae00000, 0x000000070b000000|  0%| F|  |TAMS 0x000000070ae00000, 0x000000070ae00000| Untracked 
|  60|0x000000070b000000, 0x000000070b000000, 0x000000070b200000|  0%| F|  |TAMS 0x000000070b000000, 0x000000070b000000| Untracked 
|  61|0x000000070b200000, 0x000000070b300800, 0x000000070b400000| 50%| E|  |TAMS 0x000000070b200000, 0x000000070b200000| Complete 
|  62|0x000000070b400000, 0x000000070b600000, 0x000000070b600000|100%| E|CS|TAMS 0x000000070b400000, 0x000000070b400000| Complete 
|  63|0x000000070b600000, 0x000000070b800000, 0x000000070b800000|100%| E|CS|TAMS 0x000000070b600000, 0x000000070b600000| Complete 
|  64|0x000000070b800000, 0x000000070ba00000, 0x000000070ba00000|100%| E|CS|TAMS 0x000000070b800000, 0x000000070b800000| Complete 
| 126|0x0000000713400000, 0x0000000713600000, 0x0000000713600000|100%| E|CS|TAMS 0x0000000713400000, 0x0000000713400000| Complete 

Card table byte_map: [0x0000017d21950000,0x0000017d22140000] _byte_map_base: 0x0000017d1e134000

Marking Bits (Prev, Next): (CMBitMap*) 0x0000017d0a393990, (CMBitMap*) 0x0000017d0a393950
 Prev Bits: [0x0000017d26850000, 0x0000017d2a770000)
 Next Bits: [0x0000017d22930000, 0x0000017d26850000)

Polling page: 0x0000017d08300000

Metaspace:

Usage:
  Non-class:     52.50 MB used.
      Class:      8.32 MB used.
       Both:     60.83 MB used.

Virtual space:
  Non-class space:       56.00 MB reserved,      52.69 MB ( 94%) committed,  7 nodes.
      Class space:        1.00 GB reserved,       8.50 MB ( <1%) committed,  1 nodes.
             Both:        1.05 GB reserved,      61.19 MB (  6%) committed. 

Chunk freelists:
   Non-Class:  3.25 MB
       Class:  3.52 MB
        Both:  6.77 MB

MaxMetaspaceSize: unlimited
CompressedClassSpaceSize: 1.00 GB
Initial GC threshold: 21.00 MB
Current GC threshold: 98.56 MB
CDS: on
MetaspaceReclaimPolicy: balanced
 - commit_granule_bytes: 65536.
 - commit_granule_words: 8192.
 - virtual_space_node_default_size: 1048576.
 - enlarge_chunks_in_place: 1.
 - new_chunks_are_fully_committed: 0.
 - uncommit_free_chunks: 1.
 - use_allocation_guard: 0.
 - handle_deallocations: 1.


Internal statistics:

num_allocs_failed_limit: 9.
num_arena_births: 536.
num_arena_deaths: 0.
num_vsnodes_births: 8.
num_vsnodes_deaths: 0.
num_space_committed: 979.
num_space_uncommitted: 0.
num_chunks_returned_to_freelist: 9.
num_chunks_taken_from_freelist: 2784.
num_chunk_merges: 6.
num_chunk_splits: 1937.
num_chunks_enlarged: 1500.
num_purges: 0.
num_inconsistent_stats: 0.

CodeHeap 'non-profiled nmethods': size=120000Kb used=3567Kb max_used=3567Kb free=116433Kb
 bounds [0x0000017d19900000, 0x0000017d19c80000, 0x0000017d20e30000]
CodeHeap 'profiled nmethods': size=120000Kb used=12537Kb max_used=12537Kb free=107462Kb
 bounds [0x0000017d123d0000, 0x0000017d13020000, 0x0000017d19900000]
CodeHeap 'non-nmethods': size=5760Kb used=1299Kb max_used=1379Kb free=4460Kb
 bounds [0x0000017d11e30000, 0x0000017d120a0000, 0x0000017d123d0000]
 total_blobs=6619 nmethods=6005 adapters=523
 compilation: enabled
              stopped_count=0, restarted_count=0
 full_count=0

Compilation events (20 events):
Event: 40.421 Thread 0x0000017d2d1e73e0 6971       1       springfox.documentation.spi.service.contexts.RequestMappingContext::getDocumentationContext (5 bytes)
Event: 40.421 Thread 0x0000017d2d1e73e0 nmethod 6971 0x0000017d19c7b210 code [0x0000017d19c7b3a0, 0x0000017d19c7b478]
Event: 40.421 Thread 0x0000017d2d1e73e0 6972       2       java.util.ArrayList$ArrayListSpliterator::tryAdvance (79 bytes)
Event: 40.422 Thread 0x0000017d2d1e73e0 nmethod 6972 0x0000017d13009e90 code [0x0000017d1300a060, 0x0000017d1300a3e8]
Event: 40.423 Thread 0x0000017d2d1e73e0 6973       2       springfox.documentation.schema.WildcardType$$Lambda$1412/0x0000000801452770::test (8 bytes)
Event: 40.425 Thread 0x0000017d2d1e73e0 nmethod 6973 0x0000017d1300a610 code [0x0000017d1300a800, 0x0000017d1300ac78]
Event: 40.425 Thread 0x0000017d2d1e73e0 6974       2       springfox.documentation.schema.WildcardType::lambda$thatAreWildcards$0 (20 bytes)
Event: 40.426 Thread 0x0000017d2d1e73e0 nmethod 6974 0x0000017d1300af10 code [0x0000017d1300b100, 0x0000017d1300b518]
Event: 40.427 Thread 0x0000017d2d1e73e0 6975       2       java.util.Collections$EmptyList::spliterator (4 bytes)
Event: 40.427 Thread 0x0000017d2d1e73e0 nmethod 6975 0x0000017d1300b790 code [0x0000017d1300b920, 0x0000017d1300ba38]
Event: 40.427 Thread 0x0000017d2d1e73e0 6976       2       springfox.documentation.schema.Types::typeNameFor (13 bytes)
Event: 40.427 Thread 0x0000017d2d1e73e0 nmethod 6976 0x0000017d1300bb10 code [0x0000017d1300bcc0, 0x0000017d1300be28]
Event: 40.429 Thread 0x0000017d2d1e73e0 6977       2       java.lang.invoke.MethodHandles$Lookup::restrictReceiver (127 bytes)
Event: 40.430 Thread 0x0000017d2d1e73e0 nmethod 6977 0x0000017d1300bf10 code [0x0000017d1300c100, 0x0000017d1300c388]
Event: 40.435 Thread 0x0000017d2d1e73e0 6978       2       java.util.regex.Matcher::search (154 bytes)
Event: 40.436 Thread 0x0000017d2d1e73e0 nmethod 6978 0x0000017d1300c610 code [0x0000017d1300c7e0, 0x0000017d1300cb08]
Event: 40.444 Thread 0x0000017d2d1e73e0 6979       2       java.util.regex.Pattern::single (82 bytes)
Event: 40.447 Thread 0x0000017d2d1e73e0 nmethod 6979 0x0000017d1300cd10 code [0x0000017d1300cf20, 0x0000017d1300d418]
Event: 40.465 Thread 0x0000017d2d1e73e0 6980       2       springfox.documentation.schema.AlternateTypeRule::appliesTo (38 bytes)
Event: 40.468 Thread 0x0000017d2d1e73e0 nmethod 6980 0x0000017d1300d690 code [0x0000017d1300d8a0, 0x0000017d1300dd38]

GC Heap History (20 events):
Event: 17.390 GC heap before
{Heap before GC invocations=8 (full 0):
 garbage-first heap   total 55296K, used 35785K [0x0000000703800000, 0x0000000800000000)
  region size 2048K, 11 young (22528K), 2 survivors (4096K)
 Metaspace       used 30997K, committed 31296K, reserved 1081344K
  class space    used 4045K, committed 4224K, reserved 1048576K
}
Event: 17.413 GC heap after
{Heap after GC invocations=9 (full 0):
 garbage-first heap   total 55296K, used 18913K [0x0000000703800000, 0x0000000800000000)
  region size 2048K, 1 young (2048K), 1 survivors (2048K)
 Metaspace       used 30997K, committed 31296K, reserved 1081344K
  class space    used 4045K, committed 4224K, reserved 1048576K
}
Event: 19.485 GC heap before
{Heap before GC invocations=9 (full 0):
 garbage-first heap   total 55296K, used 33249K [0x0000000703800000, 0x0000000800000000)
  region size 2048K, 9 young (18432K), 1 survivors (2048K)
 Metaspace       used 35749K, committed 35968K, reserved 1081344K
  class space    used 4834K, committed 4928K, reserved 1048576K
}
Event: 19.522 GC heap after
{Heap after GC invocations=10 (full 0):
 garbage-first heap   total 157696K, used 19500K [0x0000000703800000, 0x0000000800000000)
  region size 2048K, 2 young (4096K), 2 survivors (4096K)
 Metaspace       used 35749K, committed 35968K, reserved 1081344K
  class space    used 4834K, committed 4928K, reserved 1048576K
}
Event: 26.427 GC heap before
{Heap before GC invocations=11 (full 0):
 garbage-first heap   total 81920K, used 64556K [0x0000000703800000, 0x0000000800000000)
  region size 2048K, 24 young (49152K), 2 survivors (4096K)
 Metaspace       used 48111K, committed 48448K, reserved 1097728K
  class space    used 6483K, committed 6656K, reserved 1048576K
}
Event: 26.462 GC heap after
{Heap after GC invocations=12 (full 0):
 garbage-first heap   total 81920K, used 22803K [0x0000000703800000, 0x0000000800000000)
  region size 2048K, 3 young (6144K), 3 survivors (6144K)
 Metaspace       used 48111K, committed 48448K, reserved 1097728K
  class space    used 6483K, committed 6656K, reserved 1048576K
}
Event: 26.607 GC heap before
{Heap before GC invocations=12 (full 0):
 garbage-first heap   total 81920K, used 22803K [0x0000000703800000, 0x0000000800000000)
  region size 2048K, 4 young (8192K), 3 survivors (6144K)
 Metaspace       used 48257K, committed 48576K, reserved 1097728K
  class space    used 6496K, committed 6656K, reserved 1048576K
}
Event: 26.639 GC heap after
{Heap after GC invocations=13 (full 0):
 garbage-first heap   total 81920K, used 23419K [0x0000000703800000, 0x0000000800000000)
  region size 2048K, 1 young (2048K), 1 survivors (2048K)
 Metaspace       used 48257K, committed 48576K, reserved 1097728K
  class space    used 6496K, committed 6656K, reserved 1048576K
}
Event: 30.236 GC heap before
{Heap before GC invocations=13 (full 0):
 garbage-first heap   total 81920K, used 62331K [0x0000000703800000, 0x0000000800000000)
  region size 2048K, 20 young (40960K), 1 survivors (2048K)
 Metaspace       used 53456K, committed 53824K, reserved 1097728K
  class space    used 7213K, committed 7424K, reserved 1048576K
}
Event: 30.254 GC heap after
{Heap after GC invocations=14 (full 0):
 garbage-first heap   total 81920K, used 25385K [0x0000000703800000, 0x0000000800000000)
  region size 2048K, 2 young (4096K), 2 survivors (4096K)
 Metaspace       used 53456K, committed 53824K, reserved 1097728K
  class space    used 7213K, committed 7424K, reserved 1048576K
}
Event: 33.220 GC heap before
{Heap before GC invocations=14 (full 0):
 garbage-first heap   total 81920K, used 62249K [0x0000000703800000, 0x0000000800000000)
  region size 2048K, 20 young (40960K), 2 survivors (4096K)
 Metaspace       used 55999K, committed 56384K, reserved 1097728K
  class space    used 7536K, committed 7744K, reserved 1048576K
}
Event: 33.253 GC heap after
{Heap after GC invocations=15 (full 0):
 garbage-first heap   total 81920K, used 29094K [0x0000000703800000, 0x0000000800000000)
  region size 2048K, 3 young (6144K), 3 survivors (6144K)
 Metaspace       used 55999K, committed 56384K, reserved 1097728K
  class space    used 7536K, committed 7744K, reserved 1048576K
}
Event: 36.095 GC heap before
{Heap before GC invocations=15 (full 0):
 garbage-first heap   total 81920K, used 61862K [0x0000000703800000, 0x0000000800000000)
  region size 2048K, 19 young (38912K), 3 survivors (6144K)
 Metaspace       used 58772K, committed 59136K, reserved 1105920K
  class space    used 7954K, committed 8128K, reserved 1048576K
}
Event: 36.146 GC heap after
{Heap after GC invocations=16 (full 0):
 garbage-first heap   total 81920K, used 32730K [0x0000000703800000, 0x0000000800000000)
  region size 2048K, 2 young (4096K), 2 survivors (4096K)
 Metaspace       used 58772K, committed 59136K, reserved 1105920K
  class space    used 7954K, committed 8128K, reserved 1048576K
}
Event: 37.665 GC heap before
{Heap before GC invocations=16 (full 0):
 garbage-first heap   total 81920K, used 51162K [0x0000000703800000, 0x0000000800000000)
  region size 2048K, 12 young (24576K), 2 survivors (4096K)
 Metaspace       used 60131K, committed 60480K, reserved 1105920K
  class space    used 8146K, committed 8320K, reserved 1048576K
}
Event: 37.701 GC heap after
{Heap after GC invocations=17 (full 0):
 garbage-first heap   total 81920K, used 34299K [0x0000000703800000, 0x0000000800000000)
  region size 2048K, 3 young (6144K), 3 survivors (6144K)
 Metaspace       used 60131K, committed 60480K, reserved 1105920K
  class space    used 8146K, committed 8320K, reserved 1048576K
}
Event: 39.741 GC heap before
{Heap before GC invocations=18 (full 0):
 garbage-first heap   total 81920K, used 62971K [0x0000000703800000, 0x0000000800000000)
  region size 2048K, 17 young (34816K), 3 survivors (6144K)
 Metaspace       used 61087K, committed 61504K, reserved 1105920K
  class space    used 8313K, committed 8512K, reserved 1048576K
}
Event: 39.789 GC heap after
{Heap after GC invocations=19 (full 0):
 garbage-first heap   total 81920K, used 37729K [0x0000000703800000, 0x0000000800000000)
  region size 2048K, 3 young (6144K), 3 survivors (6144K)
 Metaspace       used 61087K, committed 61504K, reserved 1105920K
  class space    used 8313K, committed 8512K, reserved 1048576K
}
Event: 39.918 GC heap before
{Heap before GC invocations=19 (full 0):
 garbage-first heap   total 81920K, used 39777K [0x0000000703800000, 0x0000000800000000)
  region size 2048K, 4 young (8192K), 3 survivors (6144K)
 Metaspace       used 61195K, committed 61632K, reserved 1105920K
  class space    used 8331K, committed 8512K, reserved 1048576K
}
Event: 39.971 GC heap after
{Heap after GC invocations=20 (full 0):
 garbage-first heap   total 135168K, used 38096K [0x0000000703800000, 0x0000000800000000)
  region size 2048K, 1 young (2048K), 1 survivors (2048K)
 Metaspace       used 61195K, committed 61632K, reserved 1105920K
  class space    used 8331K, committed 8512K, reserved 1048576K
}

Deoptimization events (20 events):
Event: 40.434 Thread 0x0000017d0a325940 Uncommon trap: trap_request=0xffffff45 fr.pc=0x0000017d19b12b74 relative=0x0000000000000354
Event: 40.434 Thread 0x0000017d0a325940 Uncommon trap: reason=unstable_if action=reinterpret pc=0x0000017d19b12b74 method=java.util.regex.Matcher.search(I)Z @ 76 c2
Event: 40.434 Thread 0x0000017d0a325940 DEOPT PACKING pc=0x0000017d19b12b74 sp=0x00000016d94fbfa0
Event: 40.435 Thread 0x0000017d0a325940 DEOPT UNPACKING pc=0x0000017d11e823a3 sp=0x00000016d94fbf40 mode 2
Event: 40.435 Thread 0x0000017d0a325940 Uncommon trap: trap_request=0xffffffde fr.pc=0x0000017d19b0c6b4 relative=0x00000000000004d4
Event: 40.435 Thread 0x0000017d0a325940 Uncommon trap: reason=class_check action=maybe_recompile pc=0x0000017d19b0c6b4 method=java.util.regex.Pattern$NotBehind.match(Ljava/util/regex/Matcher;ILjava/lang/CharSequence;)Z @ 125 c2
Event: 40.435 Thread 0x0000017d0a325940 DEOPT PACKING pc=0x0000017d19b0c6b4 sp=0x00000016d94fbe90
Event: 40.435 Thread 0x0000017d0a325940 DEOPT UNPACKING pc=0x0000017d11e823a3 sp=0x00000016d94fbe08 mode 2
Event: 40.435 Thread 0x0000017d0a325940 Uncommon trap: trap_request=0xffffffde fr.pc=0x0000017d19b0c6b4 relative=0x00000000000004d4
Event: 40.435 Thread 0x0000017d0a325940 Uncommon trap: reason=class_check action=maybe_recompile pc=0x0000017d19b0c6b4 method=java.util.regex.Pattern$NotBehind.match(Ljava/util/regex/Matcher;ILjava/lang/CharSequence;)Z @ 125 c2
Event: 40.435 Thread 0x0000017d0a325940 DEOPT PACKING pc=0x0000017d19b0c6b4 sp=0x00000016d94fbe90
Event: 40.435 Thread 0x0000017d0a325940 DEOPT UNPACKING pc=0x0000017d11e823a3 sp=0x00000016d94fbe08 mode 2
Event: 40.435 Thread 0x0000017d0a325940 Uncommon trap: trap_request=0xffffffde fr.pc=0x0000017d19b0c6b4 relative=0x00000000000004d4
Event: 40.435 Thread 0x0000017d0a325940 Uncommon trap: reason=class_check action=maybe_recompile pc=0x0000017d19b0c6b4 method=java.util.regex.Pattern$NotBehind.match(Ljava/util/regex/Matcher;ILjava/lang/CharSequence;)Z @ 125 c2
Event: 40.435 Thread 0x0000017d0a325940 DEOPT PACKING pc=0x0000017d19b0c6b4 sp=0x00000016d94fbe90
Event: 40.435 Thread 0x0000017d0a325940 DEOPT UNPACKING pc=0x0000017d11e823a3 sp=0x00000016d94fbe08 mode 2
Event: 40.435 Thread 0x0000017d0a325940 Uncommon trap: trap_request=0xffffffde fr.pc=0x0000017d19b0c6b4 relative=0x00000000000004d4
Event: 40.435 Thread 0x0000017d0a325940 Uncommon trap: reason=class_check action=maybe_recompile pc=0x0000017d19b0c6b4 method=java.util.regex.Pattern$NotBehind.match(Ljava/util/regex/Matcher;ILjava/lang/CharSequence;)Z @ 125 c2
Event: 40.435 Thread 0x0000017d0a325940 DEOPT PACKING pc=0x0000017d19b0c6b4 sp=0x00000016d94fbe90
Event: 40.435 Thread 0x0000017d0a325940 DEOPT UNPACKING pc=0x0000017d11e823a3 sp=0x00000016d94fbe08 mode 2

Classes unloaded (0 events):
No events

Classes redefined (0 events):
No events

Internal exceptions (20 events):
Event: 39.735 Thread 0x0000017d0a325940 Exception <a 'java/lang/ClassNotFoundException'{0x00000007067f2b10}: org/springframework/beans/factory/BeanFactoryAwareCustomizer> (0x00000007067f2b10) 
thrown [c:\wsjdk\corretto17src\installers\windows\zip\corretto-build\buildroot\src\hotspot\share\classfile\systemDictionary.cpp, line 256]
Event: 39.739 Thread 0x0000017d0a325940 Exception <a 'java/lang/ClassNotFoundException'{0x00000007067f90c0}: org/springframework/beans/factory/AwareCustomizer> (0x00000007067f90c0) 
thrown [c:\wsjdk\corretto17src\installers\windows\zip\corretto-build\buildroot\src\hotspot\share\classfile\systemDictionary.cpp, line 256]
Event: 39.804 Thread 0x0000017d0a325940 Exception <a 'java/lang/ClassNotFoundException'{0x0000000713455f20}: java/lang/ObjectCustomizer> (0x0000000713455f20) 
thrown [c:\wsjdk\corretto17src\installers\windows\zip\corretto-build\buildroot\src\hotspot\share\classfile\systemDictionary.cpp, line 256]
Event: 39.807 Thread 0x0000017d0a325940 Exception <a 'java/lang/ClassNotFoundException'{0x000000071345ef78}: springfox/documentation/swagger2/web/WebMvcBasePathAndHostnameTransformationFilterCustomizer> (0x000000071345ef78) 
thrown [c:\wsjdk\corretto17src\installers\windows\zip\corretto-build\buildroot\src\hotspot\share\classfile\systemDictionary.cpp, line 256]
Event: 39.810 Thread 0x0000017d0a325940 Exception <a 'java/lang/ClassNotFoundException'{0x0000000713469350}: springfox/documentation/swagger2/web/WebMvcSwaggerTransformationFilterCustomizer> (0x0000000713469350) 
thrown [c:\wsjdk\corretto17src\installers\windows\zip\corretto-build\buildroot\src\hotspot\share\classfile\systemDictionary.cpp, line 256]
Event: 39.811 Thread 0x0000017d0a325940 Exception <a 'java/lang/ClassNotFoundException'{0x000000071346eb80}: springfox/documentation/swagger2/web/SwaggerTransformationFilterCustomizer> (0x000000071346eb80) 
thrown [c:\wsjdk\corretto17src\installers\windows\zip\corretto-build\buildroot\src\hotspot\share\classfile\systemDictionary.cpp, line 256]
Event: 39.813 Thread 0x0000017d0a325940 Exception <a 'java/lang/ClassNotFoundException'{0x0000000713475630}: org/springframework/plugin/core/PluginCustomizer> (0x0000000713475630) 
thrown [c:\wsjdk\corretto17src\installers\windows\zip\corretto-build\buildroot\src\hotspot\share\classfile\systemDictionary.cpp, line 256]
Event: 39.816 Thread 0x0000017d0a325940 Exception <a 'java/lang/ClassNotFoundException'{0x0000000713481670}: java/lang/ObjectCustomizer> (0x0000000713481670) 
thrown [c:\wsjdk\corretto17src\installers\windows\zip\corretto-build\buildroot\src\hotspot\share\classfile\systemDictionary.cpp, line 256]
Event: 39.818 Thread 0x0000017d0a325940 Exception <a 'java/lang/ClassNotFoundException'{0x000000071348a260}: springfox/boot/starter/autoconfigure/OpenApiAutoConfigurationCustomizer> (0x000000071348a260) 
thrown [c:\wsjdk\corretto17src\installers\windows\zip\corretto-build\buildroot\src\hotspot\share\classfile\systemDictionary.cpp, line 256]
Event: 39.821 Thread 0x0000017d0a325940 Exception <a 'java/lang/ClassNotFoundException'{0x0000000713491be8}: springfox/boot/starter/autoconfigure/OpenApiAutoConfiguration$$EnhancerBySpringCGLIB$$1b7bb75eCustomizer> (0x0000000713491be8) 
thrown [c:\wsjdk\corretto17src\installers\windows\zip\corretto-build\buildroot\src\hotspot\share\classfile\systemDictionary.cpp, line 256]
Event: 39.824 Thread 0x0000017d0a325940 Exception <a 'java/lang/ClassNotFoundException'{0x000000071349c888}: org/springframework/context/annotation/ConfigurationClassEnhancer$EnhancedConfigurationCustomizer> (0x000000071349c888) 
thrown [c:\wsjdk\corretto17src\installers\windows\zip\corretto-build\buildroot\src\hotspot\share\classfile\systemDictionary.cpp, line 256]
Event: 39.829 Thread 0x0000017d0a325940 Exception <a 'java/lang/ClassNotFoundException'{0x00000007134a1bd8}: org/springframework/beans/factory/BeanFactoryAwareCustomizer> (0x00000007134a1bd8) 
thrown [c:\wsjdk\corretto17src\installers\windows\zip\corretto-build\buildroot\src\hotspot\share\classfile\systemDictionary.cpp, line 256]
Event: 39.831 Thread 0x0000017d0a325940 Exception <a 'java/lang/ClassNotFoundException'{0x00000007134a83d0}: org/springframework/beans/factory/AwareCustomizer> (0x00000007134a83d0) 
thrown [c:\wsjdk\corretto17src\installers\windows\zip\corretto-build\buildroot\src\hotspot\share\classfile\systemDictionary.cpp, line 256]
Event: 39.833 Thread 0x0000017d0a325940 Exception <a 'java/lang/ClassNotFoundException'{0x00000007134b33f8}: java/lang/ObjectCustomizer> (0x00000007134b33f8) 
thrown [c:\wsjdk\corretto17src\installers\windows\zip\corretto-build\buildroot\src\hotspot\share\classfile\systemDictionary.cpp, line 256]
Event: 39.835 Thread 0x0000017d0a325940 Exception <a 'java/lang/ClassNotFoundException'{0x00000007134bc1c0}: springfox/boot/starter/autoconfigure/SpringfoxConfigurationPropertiesCustomizer> (0x00000007134bc1c0) 
thrown [c:\wsjdk\corretto17src\installers\windows\zip\corretto-build\buildroot\src\hotspot\share\classfile\systemDictionary.cpp, line 256]
Event: 39.888 Thread 0x0000017d0a325940 Exception <a 'java/lang/NoSuchMethodError'{0x00000007135b55d0}: 'java.lang.Object java.lang.invoke.DirectMethodHandle$Holder.invokeSpecial(java.lang.Object, java.lang.Object, int, java.lang.Object, int, java.lang.Object)'> (0x00000007135b55d0) 
thrown [c:\wsjdk\corretto17src\installers\windows\zip\corretto-build\buildroot\src\hotspot\share\interpreter\linkResolver.cpp, line 766]
Event: 39.892 Thread 0x0000017d0a325940 Exception <a 'java/lang/NoSuchMethodError'{0x00000007135bd920}: 'java.lang.Object java.lang.invoke.DirectMethodHandle$Holder.newInvokeSpecial(java.lang.Object, java.lang.Object, int, java.lang.Object, int)'> (0x00000007135bd920) 
thrown [c:\wsjdk\corretto17src\installers\windows\zip\corretto-build\buildroot\src\hotspot\share\interpreter\linkResolver.cpp, line 766]
Event: 39.896 Thread 0x0000017d0a325940 Exception <a 'java/lang/NoSuchMethodError'{0x00000007135c21c0}: 'java.lang.Object java.lang.invoke.DirectMethodHandle$Holder.invokeSpecial(java.lang.Object, java.lang.Object, java.lang.Object, int, java.lang.Object, int)'> (0x00000007135c21c0) 
thrown [c:\wsjdk\corretto17src\installers\windows\zip\corretto-build\buildroot\src\hotspot\share\interpreter\linkResolver.cpp, line 766]
Event: 39.900 Thread 0x0000017d0a325940 Exception <a 'java/lang/NoSuchMethodError'{0x00000007135cd218}: 'void java.lang.invoke.DirectMethodHandle$Holder.invokeVirtual(java.lang.Object, java.lang.Object)'> (0x00000007135cd218) 
thrown [c:\wsjdk\corretto17src\installers\windows\zip\corretto-build\buildroot\src\hotspot\share\interpreter\linkResolver.cpp, line 766]
Event: 40.294 Thread 0x0000017d0a325940 Implicit null exception at 0x0000017d199c176c to 0x0000017d199c1814

VM Operations (20 events):
Event: 37.269 Executing VM operation: HandshakeAllThreads
Event: 37.269 Executing VM operation: HandshakeAllThreads done
Event: 37.269 Executing VM operation: Cleanup
Event: 37.269 Executing VM operation: Cleanup done
Event: 37.665 Executing VM operation: CollectForMetadataAllocation
Event: 37.701 Executing VM operation: CollectForMetadataAllocation done
Event: 37.774 Executing VM operation: HandshakeAllThreads
Event: 37.774 Executing VM operation: HandshakeAllThreads done
Event: 37.820 Executing VM operation: G1Concurrent
Event: 37.837 Executing VM operation: G1Concurrent done
Event: 37.883 Executing VM operation: G1Concurrent
Event: 37.883 Executing VM operation: G1Concurrent done
Event: 38.883 Executing VM operation: Cleanup
Event: 38.884 Executing VM operation: Cleanup done
Event: 39.741 Executing VM operation: G1CollectForAllocation
Event: 39.789 Executing VM operation: G1CollectForAllocation done
Event: 39.918 Executing VM operation: G1CollectForAllocation
Event: 39.971 Executing VM operation: G1CollectForAllocation done
Event: 40.491 Executing VM operation: HandshakeAllThreads
Event: 40.491 Executing VM operation: HandshakeAllThreads done

Events (20 events):
Event: 39.723 loading class java/lang/ObjectCustomizer
Event: 39.724 loading class java/lang/ObjectCustomizer done
Event: 39.804 loading class java/lang/ObjectCustomizer
Event: 39.804 loading class java/lang/ObjectCustomizer done
Event: 39.804 loading class java/lang/ObjectCustomizer
Event: 39.804 loading class java/lang/ObjectCustomizer done
Event: 39.816 loading class java/lang/ObjectCustomizer
Event: 39.816 loading class java/lang/ObjectCustomizer done
Event: 39.816 loading class java/lang/ObjectCustomizer
Event: 39.816 loading class java/lang/ObjectCustomizer done
Event: 39.833 loading class java/lang/ObjectCustomizer
Event: 39.833 loading class java/lang/ObjectCustomizer done
Event: 39.833 loading class java/lang/ObjectCustomizer
Event: 39.833 loading class java/lang/ObjectCustomizer done
Event: 39.912 loading class java/util/Collections$UnmodifiableMap$UnmodifiableEntrySet$UnmodifiableEntrySetSpliterator
Event: 39.913 loading class java/util/Collections$UnmodifiableMap$UnmodifiableEntrySet$UnmodifiableEntrySetSpliterator done
Event: 39.976 loading class java/util/TreeMap$KeySpliterator
Event: 39.977 loading class java/util/TreeMap$TreeMapSpliterator
Event: 39.979 loading class java/util/TreeMap$TreeMapSpliterator done
Event: 39.979 loading class java/util/TreeMap$KeySpliterator done


Dynamic libraries:
0x00007ff6dd200000 - 0x00007ff6dd20d000 	C:\Users\matfi\.jdks\corretto-17.0.3\bin\java.exe
0x00007ff80a890000 - 0x00007ff80aa88000 	C:\Windows\SYSTEM32\ntdll.dll
0x00007ff80a0d0000 - 0x00007ff80a18d000 	C:\Windows\System32\KERNEL32.DLL
0x00007ff808210000 - 0x00007ff8084de000 	C:\Windows\System32\KERNELBASE.dll
0x00007ff808510000 - 0x00007ff808610000 	C:\Windows\System32\ucrtbase.dll
0x00007fffa6fb0000 - 0x00007fffa6fc8000 	C:\Users\matfi\.jdks\corretto-17.0.3\bin\jli.dll
0x00007fffa34c0000 - 0x00007fffa34d5000 	C:\Users\matfi\.jdks\corretto-17.0.3\bin\VCRUNTIME140.dll
0x00007ff809f30000 - 0x00007ff80a0d0000 	C:\Windows\System32\USER32.dll
0x00007ff8088c0000 - 0x00007ff8088e2000 	C:\Windows\System32\win32u.dll
0x00007fffea630000 - 0x00007fffea8ca000 	C:\Windows\WinSxS\amd64_microsoft.windows.common-controls_6595b64144ccf1df_6.0.19041.1110_none_60b5254171f9507e\COMCTL32.dll
0x00007ff809de0000 - 0x00007ff809e0a000 	C:\Windows\System32\GDI32.dll
0x00007ff80a6d0000 - 0x00007ff80a76e000 	C:\Windows\System32\msvcrt.dll
0x00007ff808100000 - 0x00007ff80820b000 	C:\Windows\System32\gdi32full.dll
0x00007ff807fb0000 - 0x00007ff80804d000 	C:\Windows\System32\msvcp_win.dll
0x00007ff80a2b0000 - 0x00007ff80a2e0000 	C:\Windows\System32\IMM32.DLL
0x00007fff6ab80000 - 0x00007fff6ac1b000 	C:\Users\matfi\.jdks\corretto-17.0.3\bin\msvcp140.dll
0x00007fff69f60000 - 0x00007fff6ab7b000 	C:\Users\matfi\.jdks\corretto-17.0.3\bin\server\jvm.dll
0x00007ff80a200000 - 0x00007ff80a2ae000 	C:\Windows\System32\ADVAPI32.dll
0x00007ff808c90000 - 0x00007ff808d2c000 	C:\Windows\System32\sechost.dll
0x00007ff809bd0000 - 0x00007ff809cf5000 	C:\Windows\System32\RPCRT4.dll
0x00007ff80a6c0000 - 0x00007ff80a6c8000 	C:\Windows\System32\PSAPI.DLL
0x00007fffeb9d0000 - 0x00007fffeb9d9000 	C:\Windows\SYSTEM32\WSOCK32.dll
0x00007ff809530000 - 0x00007ff80959b000 	C:\Windows\System32\WS2_32.dll
0x00007fffed890000 - 0x00007fffed8b7000 	C:\Windows\SYSTEM32\WINMM.dll
0x00007ffff71f0000 - 0x00007ffff71fa000 	C:\Windows\SYSTEM32\VERSION.dll
0x00007ff806800000 - 0x00007ff806812000 	C:\Windows\SYSTEM32\kernel.appcore.dll
0x00007fffbfdc0000 - 0x00007fffbfdca000 	C:\Users\matfi\.jdks\corretto-17.0.3\bin\jimage.dll
0x00007ff805e30000 - 0x00007ff806014000 	C:\Windows\SYSTEM32\DBGHELP.DLL
0x00007fffed560000 - 0x00007fffed58c000 	C:\Windows\SYSTEM32\dbgcore.DLL
0x00007ff808680000 - 0x00007ff808702000 	C:\Windows\System32\bcryptPrimitives.dll
0x00007fff814f0000 - 0x00007fff81515000 	C:\Users\matfi\.jdks\corretto-17.0.3\bin\java.dll
0x00007fff69e80000 - 0x00007fff69f56000 	C:\Users\matfi\.jdks\corretto-17.0.3\bin\jsvml.dll
0x00007ff808d30000 - 0x00007ff809474000 	C:\Windows\System32\SHELL32.dll
0x00007ff806050000 - 0x00007ff8067e4000 	C:\Windows\SYSTEM32\windows.storage.dll
0x00007ff80a360000 - 0x00007ff80a6b4000 	C:\Windows\System32\combase.dll
0x00007ff807930000 - 0x00007ff807960000 	C:\Windows\SYSTEM32\Wldp.dll
0x00007ff809480000 - 0x00007ff80952d000 	C:\Windows\System32\SHCORE.dll
0x00007ff808a20000 - 0x00007ff808a75000 	C:\Windows\System32\shlwapi.dll
0x00007ff807ef0000 - 0x00007ff807f0f000 	C:\Windows\SYSTEM32\profapi.dll
0x00007fff78420000 - 0x00007fff78439000 	C:\Users\matfi\.jdks\corretto-17.0.3\bin\net.dll
0x00007ff805250000 - 0x00007ff80535a000 	C:\Windows\SYSTEM32\WINHTTP.dll
0x00007ff807710000 - 0x00007ff80777a000 	C:\Windows\system32\mswsock.dll
0x00007fff768b0000 - 0x00007fff768c5000 	C:\Users\matfi\.jdks\corretto-17.0.3\bin\nio.dll
0x00007fff728d0000 - 0x00007fff728e8000 	C:\Users\matfi\.jdks\corretto-17.0.3\bin\zip.dll
0x00007fffeeda0000 - 0x00007fffeeda9000 	C:\Users\matfi\.jdks\corretto-17.0.3\bin\management.dll
0x00007fffee6e0000 - 0x00007fffee6eb000 	C:\Users\matfi\.jdks\corretto-17.0.3\bin\management_ext.dll
0x00007fff89660000 - 0x00007fff89670000 	C:\Users\matfi\.jdks\corretto-17.0.3\bin\verify.dll
0x00007fffe3d40000 - 0x00007fffe3d57000 	C:\Windows\system32\napinsp.dll
0x00007fffe3d10000 - 0x00007fffe3d2b000 	C:\Windows\system32\pnrpnsp.dll
0x00007ff801d10000 - 0x00007ff801d25000 	C:\Windows\system32\wshbth.dll
0x00007ff802f20000 - 0x00007ff802f3d000 	C:\Windows\system32\NLAapi.dll
0x00007ff8073d0000 - 0x00007ff80740b000 	C:\Windows\SYSTEM32\IPHLPAPI.DLL
0x00007ff807410000 - 0x00007ff8074da000 	C:\Windows\SYSTEM32\DNSAPI.dll
0x00007ff80a190000 - 0x00007ff80a198000 	C:\Windows\System32\NSI.dll
0x00007fffe3cf0000 - 0x00007fffe3d02000 	C:\Windows\System32\winrnr.dll
0x0000000065c10000 - 0x0000000065c1b000 	C:\Program Files\National Instruments\Shared\mDNS Responder\nimdnsNSP.dll
0x0000000065bb0000 - 0x0000000065bc1000 	C:\Windows\SYSTEM32\nimdnsResponder.dll
0x00007ffff6da0000 - 0x00007ffff6daa000 	C:\Windows\System32\rasadhlp.dll
0x00007ffff0900000 - 0x00007ffff0980000 	C:\Windows\System32\fwpuclnt.dll
0x00007ff8084e0000 - 0x00007ff808507000 	C:\Windows\System32\bcrypt.dll
0x00007ff807970000 - 0x00007ff807988000 	C:\Windows\SYSTEM32\CRYPTSP.dll
0x00007ff807040000 - 0x00007ff807074000 	C:\Windows\system32\rsaenh.dll
0x00007ff807e70000 - 0x00007ff807e9e000 	C:\Windows\SYSTEM32\USERENV.dll
0x00007ff8078a0000 - 0x00007ff8078ac000 	C:\Windows\SYSTEM32\CRYPTBASE.dll
0x00007ffffb190000 - 0x00007ffffb1a7000 	C:\Windows\SYSTEM32\dhcpcsvc6.DLL
0x00007ffffc160000 - 0x00007ffffc17d000 	C:\Windows\SYSTEM32\dhcpcsvc.DLL
0x00007fffd98b0000 - 0x00007fffd98be000 	C:\Users\matfi\.jdks\corretto-17.0.3\bin\sunmscapi.dll
0x00007ff808760000 - 0x00007ff8088b6000 	C:\Windows\System32\CRYPT32.dll
0x00007ff807a80000 - 0x00007ff807aa7000 	C:\Windows\SYSTEM32\ncrypt.dll
0x00007ff807a40000 - 0x00007ff807a7b000 	C:\Windows\SYSTEM32\NTASN1.dll

dbghelp: loaded successfully - version: 4.0.5 - missing functions: none
symbol engine: initialized successfully - sym options: 0x614 - pdb path: .;C:\Users\matfi\.jdks\corretto-17.0.3\bin;C:\Windows\SYSTEM32;C:\Windows\WinSxS\amd64_microsoft.windows.common-controls_6595b64144ccf1df_6.0.19041.1110_none_60b5254171f9507e;C:\Users\matfi\.jdks\corretto-17.0.3\bin\server;C:\Program Files\National Instruments\Shared\mDNS Responder

VM Arguments:
java_command: C:\Users\matfi\AppData\Local\Temp\surefire16602990020178488549\surefirebooter17644041127611858266.jar C:\Users\matfi\AppData\Local\Temp\surefire16602990020178488549 2022-09-10T20-47-51_165-jvmRun1 surefire4377807539259361773tmp surefire_012196053066154018051tmp
java_class_path (initial): C:\Users\matfi\AppData\Local\Temp\surefire16602990020178488549\surefirebooter17644041127611858266.jar
Launcher Type: SUN_STANDARD

[Global flags]
     intx CICompilerCount                          = 4                                         {product} {ergonomic}
     uint ConcGCThreads                            = 2                                         {product} {ergonomic}
     uint G1ConcRefinementThreads                  = 8                                         {product} {ergonomic}
   size_t G1HeapRegionSize                         = 2097152                                   {product} {ergonomic}
    uintx GCDrainStackTargetSize                   = 64                                        {product} {ergonomic}
   size_t InitialHeapSize                          = 266338304                                 {product} {ergonomic}
   size_t MarkStackSize                            = 4194304                                   {product} {ergonomic}
   size_t MaxHeapSize                              = 4236247040                                {product} {ergonomic}
   size_t MaxNewSize                               = 2541748224                                {product} {ergonomic}
   size_t MinHeapDeltaBytes                        = 2097152                                   {product} {ergonomic}
   size_t MinHeapSize                              = 8388608                                   {product} {ergonomic}
    uintx NonNMethodCodeHeapSize                   = 5839372                                {pd product} {ergonomic}
    uintx NonProfiledCodeHeapSize                  = 122909434                              {pd product} {ergonomic}
    uintx ProfiledCodeHeapSize                     = 122909434                              {pd product} {ergonomic}
    uintx ReservedCodeCacheSize                    = 251658240                              {pd product} {ergonomic}
     bool SegmentedCodeCache                       = true                                      {product} {ergonomic}
   size_t SoftMaxHeapSize                          = 4236247040                             {manageable} {ergonomic}
     bool UseCompressedClassPointers               = true                           {product lp64_product} {ergonomic}
     bool UseCompressedOops                        = true                           {product lp64_product} {ergonomic}
     bool UseG1GC                                  = true                                      {product} {ergonomic}
     bool UseLargePagesIndividualAllocation        = false                                  {pd product} {ergonomic}

Logging:
Log output configuration:
 #0: stdout all=warning uptime,level,tags
 #1: stderr all=off uptime,level,tags

Environment Variables:
PATH=C:\Program Files\Common Files\Oracle\Java\javapath;C:\Program Files (x86)\Common Files\Oracle\Java\javapath;C:\Program Files\National Instruments\Shared\OpenVINO\;C:\Python310\Scripts\;C:\Python310\;C:\Windows\system32;C:\Windows;C:\Windows\System32\Wbem;C:\Windows\System32\WindowsPowerShell\v1.0\;C:\Windows\System32\OpenSSH\;C:\Program Files\Git\cmd;C:\ProgramData\chocolatey\bin;C:\Program Files\nodejs\;C:\Program Files (x86)\IVI Foundation\VISA\WinNT\Bin\;C:\Program Files\IVI Foundation\VISA\Win64\Bin\;C:\Program Files (x86)\National Instruments\Shared\LabVIEW CLI;C:\Program Files (x86)\IVI Foundation\IVI\bin;C:\Program Files\IVI Foundation\IVI\bin;C:\Program Files (x86)\IVI Foundation\VISA\WinNT\Bin;C:\Program Files\PuTTY\;C:\Program Files\Docker\Docker\resources\bin;C:\ProgramData\DockerDesktop\version-bin;C:\Users\matfi\AppData\Local\Microsoft\WindowsApps;C:\Users\matfi\AppData\Local\Programs\Microsoft VS Code\bin;C:\Users\matfi\AppData\Roaming\npm;C:\Program Files\heroku\bin;C:\Users\matfi\AppData\Roaming\Python\Python310\Scripts;C:\Program Files\JetBrains\IntelliJ IDEA Community Edition 2022.1.1\bin;;C:\Program Files\MongoDB\Server\5.0\bin;C:\Program Files\Java\jdk-18.0.1.1\bin;
USERNAME=matfi
OS=Windows_NT
PROCESSOR_IDENTIFIER=Intel64 Family 6 Model 142 Stepping 12, GenuineIntel



---------------  S Y S T E M  ---------------

OS:
 Windows 10 , 64 bit Build 19041 (10.0.19041.1889)
OS uptime: 0 days 9:51 hours
Hyper-V role detected

CPU: total 8 (initial active 8) (4 cores per cpu, 2 threads per core) family 6 model 142 stepping 12 microcode 0xde, cx8, cmov, fxsr, ht, mmx, 3dnowpref, sse, sse2, sse3, ssse3, sse4.1, sse4.2, popcnt, lzcnt, tsc, tscinvbit, avx, avx2, aes, erms, clmul, bmi1, bmi2, adx, fma, vzeroupper, clflush, clflushopt, hv

Memory: 4k page, system-wide physical 16157M (320M free)
TotalPageFile size 46522M (AvailPageFile size 5M)
current process WorkingSet (physical memory assigned to process): 280M, peak: 280M
current process commit charge ("private bytes"): 363M, peak: 396M

vm_info: OpenJDK 64-Bit Server VM (17.0.3+6-LTS) for windows-amd64 JRE (17.0.3+6-LTS), built on Apr 15 2022 22:16:02 by "Administrator" with MS VC++ 15.9 (VS2017)

END.
