#
# There is insufficient memory for the Java Runtime Environment to continue.
# Native memory allocation (malloc) failed to allocate 116336 bytes for Chunk::new
# Possible reasons:
#   The system is out of physical RAM or swap space
#   The process is running with CompressedOops enabled, and the Java Heap may be blocking the growth of the native heap
# Possible solutions:
#   Reduce memory load on the system
#   Increase physical memory or swap space
#   Check if swap backing store is full
#   Decrease Java heap size (-Xmx/-Xms)
#   Decrease number of Java threads
#   Decrease Java thread stack sizes (-Xss)
#   Set larger code cache with -XX:ReservedCodeCacheSize=
#   JVM is running with Zero Based Compressed Oops mode in which the Java heap is
#     placed in the first 32GB address space. The Java Heap base address is the
#     maximum limit for the native heap growth. Please use -XX:HeapBaseMinAddress
#     to set the Java Heap base and to place the Java Heap above 32GB virtual address.
# This output file may be truncated or incomplete.
#
#  Out of Memory Error (arena.cpp:189), pid=43516, tid=1828
#
# JRE version: OpenJDK Runtime Environment Corretto-17.0.3.6.1 (17.0.3+6) (build 17.0.3+6-LTS)
# Java VM: OpenJDK 64-Bit Server VM Corretto-17.0.3.6.1 (17.0.3+6-LTS, mixed mode, sharing, tiered, compressed oops, compressed class ptrs, g1 gc, windows-amd64)
# No core dump will be written. Minidumps are not enabled by default on client versions of Windows
#

---------------  S U M M A R Y ------------

Command Line: C:\Users\matfi\AppData\Local\Temp\surefire8658713068846394304\surefirebooter5842259669001458830.jar C:\Users\matfi\AppData\Local\Temp\surefire8658713068846394304 2022-06-14T04-51-59_143-jvmRun1 surefire10701433601436732701tmp surefire_07668686251718758307tmp

Host: Intel(R) Core(TM) i5-10210U CPU @ 1.60GHz, 8 cores, 15G,  Windows 10 , 64 bit Build 19041 (10.0.19041.1706)
Time: Tue Jun 14 04:52:00 2022  Windows 10 , 64 bit Build 19041 (10.0.19041.1706) elapsed time: 0.454684 seconds (0d 0h 0m 0s)

---------------  T H R E A D  ---------------

Current thread (0x000001cd3b98a7e0):  JavaThread "C2 CompilerThread0" daemon [_thread_in_native, id=1828, stack(0x000000282ec00000,0x000000282ed00000)]


Current CompileTask:
C2:    454  436   !   4       java.util.zip.ZipFile$Source::checkAndAddEntry (209 bytes)

Stack: [0x000000282ec00000,0x000000282ed00000]
Native frames: (J=compiled Java code, j=interpreted, Vv=VM code, C=native code)
V  [jvm.dll+0x645e5a]
V  [jvm.dll+0x7f6fc4]
V  [jvm.dll+0x7f877e]
V  [jvm.dll+0x7f8dd3]
V  [jvm.dll+0x234bb8]
V  [jvm.dll+0xbce1b]
V  [jvm.dll+0xbd3ac]
V  [jvm.dll+0x29be52]
V  [jvm.dll+0x552daa]
V  [jvm.dll+0x2116e5]
V  [jvm.dll+0x20ae30]
V  [jvm.dll+0x2086a2]
V  [jvm.dll+0x198b5d]
V  [jvm.dll+0x217b49]
V  [jvm.dll+0x215d9b]
V  [jvm.dll+0x7af68b]
V  [jvm.dll+0x7a9c9a]
V  [jvm.dll+0x644d05]
C  [ucrtbase.dll+0x21bb2]
C  [KERNEL32.DLL+0x17034]
C  [ntdll.dll+0x52651]


---------------  P R O C E S S  ---------------

Threads class SMR info:
_java_thread_list=0x000001cd3c689430, length=15, elements={
0x000001cd182e4190, 0x000001cd3b96d5d0, 0x000001cd3b96e440, 0x000001cd3b982820,
0x000001cd3b9851f0, 0x000001cd3b985ba0, 0x000001cd3b989a50, 0x000001cd3b98a7e0,
0x000001cd3b993290, 0x000001cd3b9a10b0, 0x000001cd3c512390, 0x000001cd3c51d880,
0x000001cd3c53e100, 0x000001cd3c644a00, 0x000001cd3c842050
}

Java Threads: ( => current thread )
  0x000001cd182e4190 JavaThread "main" [_thread_in_Java, id=24040, stack(0x000000282df00000,0x000000282e000000)]
  0x000001cd3b96d5d0 JavaThread "Reference Handler" daemon [_thread_blocked, id=14848, stack(0x000000282e600000,0x000000282e700000)]
  0x000001cd3b96e440 JavaThread "Finalizer" daemon [_thread_blocked, id=3944, stack(0x000000282e700000,0x000000282e800000)]
  0x000001cd3b982820 JavaThread "Signal Dispatcher" daemon [_thread_blocked, id=18044, stack(0x000000282e800000,0x000000282e900000)]
  0x000001cd3b9851f0 JavaThread "Attach Listener" daemon [_thread_blocked, id=27564, stack(0x000000282e900000,0x000000282ea00000)]
  0x000001cd3b985ba0 JavaThread "Service Thread" daemon [_thread_blocked, id=34776, stack(0x000000282ea00000,0x000000282eb00000)]
  0x000001cd3b989a50 JavaThread "Monitor Deflation Thread" daemon [_thread_blocked, id=28220, stack(0x000000282eb00000,0x000000282ec00000)]
=>0x000001cd3b98a7e0 JavaThread "C2 CompilerThread0" daemon [_thread_in_native, id=1828, stack(0x000000282ec00000,0x000000282ed00000)]
  0x000001cd3b993290 JavaThread "C1 CompilerThread0" daemon [_thread_in_native, id=2436, stack(0x000000282ed00000,0x000000282ee00000)]
  0x000001cd3b9a10b0 JavaThread "Sweeper thread" daemon [_thread_blocked, id=45988, stack(0x000000282ee00000,0x000000282ef00000)]
  0x000001cd3c512390 JavaThread "Notification Thread" daemon [_thread_blocked, id=42736, stack(0x000000282ef00000,0x000000282f000000)]
  0x000001cd3c51d880 JavaThread "Common-Cleaner" daemon [_thread_blocked, id=36900, stack(0x000000282f100000,0x000000282f200000)]
  0x000001cd3c53e100 JavaThread "surefire-forkedjvm-command-thread" daemon [_thread_in_native, id=41968, stack(0x000000282f200000,0x000000282f300000)]
  0x000001cd3c644a00 JavaThread "surefire-forkedjvm-ping-30s" daemon [_thread_blocked, id=36620, stack(0x000000282f300000,0x000000282f400000)]
  0x000001cd3c842050 JavaThread "C2 CompilerThread1" daemon [_thread_in_native, id=40140, stack(0x000000282f400000,0x000000282f500000)]

Other Threads:
  0x000001cd3b9681c0 VMThread "VM Thread" [stack: 0x000000282e500000,0x000000282e600000] [id=45344]
  0x000001cd1836b200 WatcherThread [stack: 0x000000282f000000,0x000000282f100000] [id=45620]
  0x000001cd18351ef0 GCTaskThread "GC Thread#0" [stack: 0x000000282e000000,0x000000282e100000] [id=46040]
  0x000001cd18363ec0 ConcurrentGCThread "G1 Main Marker" [stack: 0x000000282e100000,0x000000282e200000] [id=26292]
  0x000001cd18365110 ConcurrentGCThread "G1 Conc#0" [stack: 0x000000282e200000,0x000000282e300000] [id=45144]
  0x000001cd183bbf20 ConcurrentGCThread "G1 Refine#0" [stack: 0x000000282e300000,0x000000282e400000] [id=43936]
  0x000001cd183bc940 ConcurrentGCThread "G1 Service" [stack: 0x000000282e400000,0x000000282e500000] [id=28988]

Threads with active compile tasks:
C2 CompilerThread0      496  436   !   4       java.util.zip.ZipFile$Source::checkAndAddEntry (209 bytes)
C2 CompilerThread1      496  439       4       java.util.zip.ZipFile$Source::isMetaName (141 bytes)

VM state: not at safepoint (normal execution)

VM Mutex/Monitor currently owned by a thread: None

Heap address: 0x0000000703800000, size: 4040 MB, Compressed Oops mode: Zero based, Oop shift amount: 3

CDS archive(s) mapped at: [0x0000000800000000-0x0000000800bc0000-0x0000000800bc0000), size 12320768, SharedBaseAddress: 0x0000000800000000, ArchiveRelocationMode: 0.
Compressed class space mapped at: 0x0000000800c00000-0x0000000840c00000, reserved size: 1073741824
Narrow klass base: 0x0000000800000000, Narrow klass shift: 0, Narrow klass range: 0x100000000

GC Precious Log:
 CPUs: 8 total, 8 available
 Memory: 16157M
 Large Page Support: Disabled
 NUMA Support: Disabled
 Compressed Oops: Enabled (Zero based)
 Heap Region Size: 2M
 Heap Min Capacity: 8M
 Heap Initial Capacity: 254M
 Heap Max Capacity: 4040M
 Pre-touch: Disabled
 Parallel Workers: 8
 Concurrent Workers: 2
 Concurrent Refinement Workers: 8
 Periodic GC: Disabled

Heap:
 garbage-first heap   total 260096K, used 6144K [0x0000000703800000, 0x0000000800000000)
  region size 2048K, 5 young (10240K), 0 survivors (0K)
 Metaspace       used 1911K, committed 2048K, reserved 1056768K
  class space    used 185K, committed 192K, reserved 1048576K

Heap Regions: E=young(eden), S=young(survivor), O=old, HS=humongous(starts), HC=humongous(continues), CS=collection set, F=free, OA=open archive, CA=closed archive, TAMS=top-at-mark-start (previous, next)
|   0|0x0000000703800000, 0x0000000703800000, 0x0000000703a00000|  0%| F|  |TAMS 0x0000000703800000, 0x0000000703800000| Untracked 
|   1|0x0000000703a00000, 0x0000000703a00000, 0x0000000703c00000|  0%| F|  |TAMS 0x0000000703a00000, 0x0000000703a00000| Untracked 
|   2|0x0000000703c00000, 0x0000000703c00000, 0x0000000703e00000|  0%| F|  |TAMS 0x0000000703c00000, 0x0000000703c00000| Untracked 
|   3|0x0000000703e00000, 0x0000000703e00000, 0x0000000704000000|  0%| F|  |TAMS 0x0000000703e00000, 0x0000000703e00000| Untracked 
|   4|0x0000000704000000, 0x0000000704000000, 0x0000000704200000|  0%| F|  |TAMS 0x0000000704000000, 0x0000000704000000| Untracked 
|   5|0x0000000704200000, 0x0000000704200000, 0x0000000704400000|  0%| F|  |TAMS 0x0000000704200000, 0x0000000704200000| Untracked 
|   6|0x0000000704400000, 0x0000000704400000, 0x0000000704600000|  0%| F|  |TAMS 0x0000000704400000, 0x0000000704400000| Untracked 
|   7|0x0000000704600000, 0x0000000704600000, 0x0000000704800000|  0%| F|  |TAMS 0x0000000704600000, 0x0000000704600000| Untracked 
|   8|0x0000000704800000, 0x0000000704800000, 0x0000000704a00000|  0%| F|  |TAMS 0x0000000704800000, 0x0000000704800000| Untracked 
|   9|0x0000000704a00000, 0x0000000704a00000, 0x0000000704c00000|  0%| F|  |TAMS 0x0000000704a00000, 0x0000000704a00000| Untracked 
|  10|0x0000000704c00000, 0x0000000704c00000, 0x0000000704e00000|  0%| F|  |TAMS 0x0000000704c00000, 0x0000000704c00000| Untracked 
|  11|0x0000000704e00000, 0x0000000704e00000, 0x0000000705000000|  0%| F|  |TAMS 0x0000000704e00000, 0x0000000704e00000| Untracked 
|  12|0x0000000705000000, 0x0000000705000000, 0x0000000705200000|  0%| F|  |TAMS 0x0000000705000000, 0x0000000705000000| Untracked 
|  13|0x0000000705200000, 0x0000000705200000, 0x0000000705400000|  0%| F|  |TAMS 0x0000000705200000, 0x0000000705200000| Untracked 
|  14|0x0000000705400000, 0x0000000705400000, 0x0000000705600000|  0%| F|  |TAMS 0x0000000705400000, 0x0000000705400000| Untracked 
|  15|0x0000000705600000, 0x0000000705600000, 0x0000000705800000|  0%| F|  |TAMS 0x0000000705600000, 0x0000000705600000| Untracked 
|  16|0x0000000705800000, 0x0000000705800000, 0x0000000705a00000|  0%| F|  |TAMS 0x0000000705800000, 0x0000000705800000| Untracked 
|  17|0x0000000705a00000, 0x0000000705a00000, 0x0000000705c00000|  0%| F|  |TAMS 0x0000000705a00000, 0x0000000705a00000| Untracked 
|  18|0x0000000705c00000, 0x0000000705c00000, 0x0000000705e00000|  0%| F|  |TAMS 0x0000000705c00000, 0x0000000705c00000| Untracked 
|  19|0x0000000705e00000, 0x0000000705e00000, 0x0000000706000000|  0%| F|  |TAMS 0x0000000705e00000, 0x0000000705e00000| Untracked 
|  20|0x0000000706000000, 0x0000000706000000, 0x0000000706200000|  0%| F|  |TAMS 0x0000000706000000, 0x0000000706000000| Untracked 
|  21|0x0000000706200000, 0x0000000706200000, 0x0000000706400000|  0%| F|  |TAMS 0x0000000706200000, 0x0000000706200000| Untracked 
|  22|0x0000000706400000, 0x0000000706400000, 0x0000000706600000|  0%| F|  |TAMS 0x0000000706400000, 0x0000000706400000| Untracked 
|  23|0x0000000706600000, 0x0000000706600000, 0x0000000706800000|  0%| F|  |TAMS 0x0000000706600000, 0x0000000706600000| Untracked 
|  24|0x0000000706800000, 0x0000000706800000, 0x0000000706a00000|  0%| F|  |TAMS 0x0000000706800000, 0x0000000706800000| Untracked 
|  25|0x0000000706a00000, 0x0000000706a00000, 0x0000000706c00000|  0%| F|  |TAMS 0x0000000706a00000, 0x0000000706a00000| Untracked 
|  26|0x0000000706c00000, 0x0000000706c00000, 0x0000000706e00000|  0%| F|  |TAMS 0x0000000706c00000, 0x0000000706c00000| Untracked 
|  27|0x0000000706e00000, 0x0000000706e00000, 0x0000000707000000|  0%| F|  |TAMS 0x0000000706e00000, 0x0000000706e00000| Untracked 
|  28|0x0000000707000000, 0x0000000707000000, 0x0000000707200000|  0%| F|  |TAMS 0x0000000707000000, 0x0000000707000000| Untracked 
|  29|0x0000000707200000, 0x0000000707200000, 0x0000000707400000|  0%| F|  |TAMS 0x0000000707200000, 0x0000000707200000| Untracked 
|  30|0x0000000707400000, 0x0000000707400000, 0x0000000707600000|  0%| F|  |TAMS 0x0000000707400000, 0x0000000707400000| Untracked 
|  31|0x0000000707600000, 0x0000000707600000, 0x0000000707800000|  0%| F|  |TAMS 0x0000000707600000, 0x0000000707600000| Untracked 
|  32|0x0000000707800000, 0x0000000707800000, 0x0000000707a00000|  0%| F|  |TAMS 0x0000000707800000, 0x0000000707800000| Untracked 
|  33|0x0000000707a00000, 0x0000000707a00000, 0x0000000707c00000|  0%| F|  |TAMS 0x0000000707a00000, 0x0000000707a00000| Untracked 
|  34|0x0000000707c00000, 0x0000000707c00000, 0x0000000707e00000|  0%| F|  |TAMS 0x0000000707c00000, 0x0000000707c00000| Untracked 
|  35|0x0000000707e00000, 0x0000000707e00000, 0x0000000708000000|  0%| F|  |TAMS 0x0000000707e00000, 0x0000000707e00000| Untracked 
|  36|0x0000000708000000, 0x0000000708000000, 0x0000000708200000|  0%| F|  |TAMS 0x0000000708000000, 0x0000000708000000| Untracked 
|  37|0x0000000708200000, 0x0000000708200000, 0x0000000708400000|  0%| F|  |TAMS 0x0000000708200000, 0x0000000708200000| Untracked 
|  38|0x0000000708400000, 0x0000000708400000, 0x0000000708600000|  0%| F|  |TAMS 0x0000000708400000, 0x0000000708400000| Untracked 
|  39|0x0000000708600000, 0x0000000708600000, 0x0000000708800000|  0%| F|  |TAMS 0x0000000708600000, 0x0000000708600000| Untracked 
|  40|0x0000000708800000, 0x0000000708800000, 0x0000000708a00000|  0%| F|  |TAMS 0x0000000708800000, 0x0000000708800000| Untracked 
|  41|0x0000000708a00000, 0x0000000708a00000, 0x0000000708c00000|  0%| F|  |TAMS 0x0000000708a00000, 0x0000000708a00000| Untracked 
|  42|0x0000000708c00000, 0x0000000708c00000, 0x0000000708e00000|  0%| F|  |TAMS 0x0000000708c00000, 0x0000000708c00000| Untracked 
|  43|0x0000000708e00000, 0x0000000708e00000, 0x0000000709000000|  0%| F|  |TAMS 0x0000000708e00000, 0x0000000708e00000| Untracked 
|  44|0x0000000709000000, 0x0000000709000000, 0x0000000709200000|  0%| F|  |TAMS 0x0000000709000000, 0x0000000709000000| Untracked 
|  45|0x0000000709200000, 0x0000000709200000, 0x0000000709400000|  0%| F|  |TAMS 0x0000000709200000, 0x0000000709200000| Untracked 
|  46|0x0000000709400000, 0x0000000709400000, 0x0000000709600000|  0%| F|  |TAMS 0x0000000709400000, 0x0000000709400000| Untracked 
|  47|0x0000000709600000, 0x0000000709600000, 0x0000000709800000|  0%| F|  |TAMS 0x0000000709600000, 0x0000000709600000| Untracked 
|  48|0x0000000709800000, 0x0000000709800000, 0x0000000709a00000|  0%| F|  |TAMS 0x0000000709800000, 0x0000000709800000| Untracked 
|  49|0x0000000709a00000, 0x0000000709a00000, 0x0000000709c00000|  0%| F|  |TAMS 0x0000000709a00000, 0x0000000709a00000| Untracked 
|  50|0x0000000709c00000, 0x0000000709c00000, 0x0000000709e00000|  0%| F|  |TAMS 0x0000000709c00000, 0x0000000709c00000| Untracked 
|  51|0x0000000709e00000, 0x0000000709e00000, 0x000000070a000000|  0%| F|  |TAMS 0x0000000709e00000, 0x0000000709e00000| Untracked 
|  52|0x000000070a000000, 0x000000070a000000, 0x000000070a200000|  0%| F|  |TAMS 0x000000070a000000, 0x000000070a000000| Untracked 
|  53|0x000000070a200000, 0x000000070a200000, 0x000000070a400000|  0%| F|  |TAMS 0x000000070a200000, 0x000000070a200000| Untracked 
|  54|0x000000070a400000, 0x000000070a400000, 0x000000070a600000|  0%| F|  |TAMS 0x000000070a400000, 0x000000070a400000| Untracked 
|  55|0x000000070a600000, 0x000000070a600000, 0x000000070a800000|  0%| F|  |TAMS 0x000000070a600000, 0x000000070a600000| Untracked 
|  56|0x000000070a800000, 0x000000070a800000, 0x000000070aa00000|  0%| F|  |TAMS 0x000000070a800000, 0x000000070a800000| Untracked 
|  57|0x000000070aa00000, 0x000000070aa00000, 0x000000070ac00000|  0%| F|  |TAMS 0x000000070aa00000, 0x000000070aa00000| Untracked 
|  58|0x000000070ac00000, 0x000000070ac00000, 0x000000070ae00000|  0%| F|  |TAMS 0x000000070ac00000, 0x000000070ac00000| Untracked 
|  59|0x000000070ae00000, 0x000000070ae00000, 0x000000070b000000|  0%| F|  |TAMS 0x000000070ae00000, 0x000000070ae00000| Untracked 
|  60|0x000000070b000000, 0x000000070b000000, 0x000000070b200000|  0%| F|  |TAMS 0x000000070b000000, 0x000000070b000000| Untracked 
|  61|0x000000070b200000, 0x000000070b200000, 0x000000070b400000|  0%| F|  |TAMS 0x000000070b200000, 0x000000070b200000| Untracked 
|  62|0x000000070b400000, 0x000000070b400000, 0x000000070b600000|  0%| F|  |TAMS 0x000000070b400000, 0x000000070b400000| Untracked 
|  63|0x000000070b600000, 0x000000070b600000, 0x000000070b800000|  0%| F|  |TAMS 0x000000070b600000, 0x000000070b600000| Untracked 
|  64|0x000000070b800000, 0x000000070b800000, 0x000000070ba00000|  0%| F|  |TAMS 0x000000070b800000, 0x000000070b800000| Untracked 
|  65|0x000000070ba00000, 0x000000070ba00000, 0x000000070bc00000|  0%| F|  |TAMS 0x000000070ba00000, 0x000000070ba00000| Untracked 
|  66|0x000000070bc00000, 0x000000070bc00000, 0x000000070be00000|  0%| F|  |TAMS 0x000000070bc00000, 0x000000070bc00000| Untracked 
|  67|0x000000070be00000, 0x000000070be00000, 0x000000070c000000|  0%| F|  |TAMS 0x000000070be00000, 0x000000070be00000| Untracked 
|  68|0x000000070c000000, 0x000000070c000000, 0x000000070c200000|  0%| F|  |TAMS 0x000000070c000000, 0x000000070c000000| Untracked 
|  69|0x000000070c200000, 0x000000070c200000, 0x000000070c400000|  0%| F|  |TAMS 0x000000070c200000, 0x000000070c200000| Untracked 
|  70|0x000000070c400000, 0x000000070c400000, 0x000000070c600000|  0%| F|  |TAMS 0x000000070c400000, 0x000000070c400000| Untracked 
|  71|0x000000070c600000, 0x000000070c600000, 0x000000070c800000|  0%| F|  |TAMS 0x000000070c600000, 0x000000070c600000| Untracked 
|  72|0x000000070c800000, 0x000000070c800000, 0x000000070ca00000|  0%| F|  |TAMS 0x000000070c800000, 0x000000070c800000| Untracked 
|  73|0x000000070ca00000, 0x000000070ca00000, 0x000000070cc00000|  0%| F|  |TAMS 0x000000070ca00000, 0x000000070ca00000| Untracked 
|  74|0x000000070cc00000, 0x000000070cc00000, 0x000000070ce00000|  0%| F|  |TAMS 0x000000070cc00000, 0x000000070cc00000| Untracked 
|  75|0x000000070ce00000, 0x000000070ce00000, 0x000000070d000000|  0%| F|  |TAMS 0x000000070ce00000, 0x000000070ce00000| Untracked 
|  76|0x000000070d000000, 0x000000070d000000, 0x000000070d200000|  0%| F|  |TAMS 0x000000070d000000, 0x000000070d000000| Untracked 
|  77|0x000000070d200000, 0x000000070d200000, 0x000000070d400000|  0%| F|  |TAMS 0x000000070d200000, 0x000000070d200000| Untracked 
|  78|0x000000070d400000, 0x000000070d400000, 0x000000070d600000|  0%| F|  |TAMS 0x000000070d400000, 0x000000070d400000| Untracked 
|  79|0x000000070d600000, 0x000000070d600000, 0x000000070d800000|  0%| F|  |TAMS 0x000000070d600000, 0x000000070d600000| Untracked 
|  80|0x000000070d800000, 0x000000070d800000, 0x000000070da00000|  0%| F|  |TAMS 0x000000070d800000, 0x000000070d800000| Untracked 
|  81|0x000000070da00000, 0x000000070da00000, 0x000000070dc00000|  0%| F|  |TAMS 0x000000070da00000, 0x000000070da00000| Untracked 
|  82|0x000000070dc00000, 0x000000070dc00000, 0x000000070de00000|  0%| F|  |TAMS 0x000000070dc00000, 0x000000070dc00000| Untracked 
|  83|0x000000070de00000, 0x000000070de00000, 0x000000070e000000|  0%| F|  |TAMS 0x000000070de00000, 0x000000070de00000| Untracked 
|  84|0x000000070e000000, 0x000000070e000000, 0x000000070e200000|  0%| F|  |TAMS 0x000000070e000000, 0x000000070e000000| Untracked 
|  85|0x000000070e200000, 0x000000070e200000, 0x000000070e400000|  0%| F|  |TAMS 0x000000070e200000, 0x000000070e200000| Untracked 
|  86|0x000000070e400000, 0x000000070e400000, 0x000000070e600000|  0%| F|  |TAMS 0x000000070e400000, 0x000000070e400000| Untracked 
|  87|0x000000070e600000, 0x000000070e600000, 0x000000070e800000|  0%| F|  |TAMS 0x000000070e600000, 0x000000070e600000| Untracked 
|  88|0x000000070e800000, 0x000000070e800000, 0x000000070ea00000|  0%| F|  |TAMS 0x000000070e800000, 0x000000070e800000| Untracked 
|  89|0x000000070ea00000, 0x000000070ea00000, 0x000000070ec00000|  0%| F|  |TAMS 0x000000070ea00000, 0x000000070ea00000| Untracked 
|  90|0x000000070ec00000, 0x000000070ec00000, 0x000000070ee00000|  0%| F|  |TAMS 0x000000070ec00000, 0x000000070ec00000| Untracked 
|  91|0x000000070ee00000, 0x000000070ee00000, 0x000000070f000000|  0%| F|  |TAMS 0x000000070ee00000, 0x000000070ee00000| Untracked 
|  92|0x000000070f000000, 0x000000070f000000, 0x000000070f200000|  0%| F|  |TAMS 0x000000070f000000, 0x000000070f000000| Untracked 
|  93|0x000000070f200000, 0x000000070f200000, 0x000000070f400000|  0%| F|  |TAMS 0x000000070f200000, 0x000000070f200000| Untracked 
|  94|0x000000070f400000, 0x000000070f400000, 0x000000070f600000|  0%| F|  |TAMS 0x000000070f400000, 0x000000070f400000| Untracked 
|  95|0x000000070f600000, 0x000000070f600000, 0x000000070f800000|  0%| F|  |TAMS 0x000000070f600000, 0x000000070f600000| Untracked 
|  96|0x000000070f800000, 0x000000070f800000, 0x000000070fa00000|  0%| F|  |TAMS 0x000000070f800000, 0x000000070f800000| Untracked 
|  97|0x000000070fa00000, 0x000000070fa00000, 0x000000070fc00000|  0%| F|  |TAMS 0x000000070fa00000, 0x000000070fa00000| Untracked 
|  98|0x000000070fc00000, 0x000000070fc00000, 0x000000070fe00000|  0%| F|  |TAMS 0x000000070fc00000, 0x000000070fc00000| Untracked 
|  99|0x000000070fe00000, 0x000000070fe00000, 0x0000000710000000|  0%| F|  |TAMS 0x000000070fe00000, 0x000000070fe00000| Untracked 
| 100|0x0000000710000000, 0x0000000710000000, 0x0000000710200000|  0%| F|  |TAMS 0x0000000710000000, 0x0000000710000000| Untracked 
| 101|0x0000000710200000, 0x0000000710200000, 0x0000000710400000|  0%| F|  |TAMS 0x0000000710200000, 0x0000000710200000| Untracked 
| 102|0x0000000710400000, 0x0000000710400000, 0x0000000710600000|  0%| F|  |TAMS 0x0000000710400000, 0x0000000710400000| Untracked 
| 103|0x0000000710600000, 0x0000000710600000, 0x0000000710800000|  0%| F|  |TAMS 0x0000000710600000, 0x0000000710600000| Untracked 
| 104|0x0000000710800000, 0x0000000710800000, 0x0000000710a00000|  0%| F|  |TAMS 0x0000000710800000, 0x0000000710800000| Untracked 
| 105|0x0000000710a00000, 0x0000000710a00000, 0x0000000710c00000|  0%| F|  |TAMS 0x0000000710a00000, 0x0000000710a00000| Untracked 
| 106|0x0000000710c00000, 0x0000000710c00000, 0x0000000710e00000|  0%| F|  |TAMS 0x0000000710c00000, 0x0000000710c00000| Untracked 
| 107|0x0000000710e00000, 0x0000000710e00000, 0x0000000711000000|  0%| F|  |TAMS 0x0000000710e00000, 0x0000000710e00000| Untracked 
| 108|0x0000000711000000, 0x0000000711000000, 0x0000000711200000|  0%| F|  |TAMS 0x0000000711000000, 0x0000000711000000| Untracked 
| 109|0x0000000711200000, 0x0000000711200000, 0x0000000711400000|  0%| F|  |TAMS 0x0000000711200000, 0x0000000711200000| Untracked 
| 110|0x0000000711400000, 0x0000000711400000, 0x0000000711600000|  0%| F|  |TAMS 0x0000000711400000, 0x0000000711400000| Untracked 
| 111|0x0000000711600000, 0x0000000711600000, 0x0000000711800000|  0%| F|  |TAMS 0x0000000711600000, 0x0000000711600000| Untracked 
| 112|0x0000000711800000, 0x0000000711800000, 0x0000000711a00000|  0%| F|  |TAMS 0x0000000711800000, 0x0000000711800000| Untracked 
| 113|0x0000000711a00000, 0x0000000711a00000, 0x0000000711c00000|  0%| F|  |TAMS 0x0000000711a00000, 0x0000000711a00000| Untracked 
| 114|0x0000000711c00000, 0x0000000711c00000, 0x0000000711e00000|  0%| F|  |TAMS 0x0000000711c00000, 0x0000000711c00000| Untracked 
| 115|0x0000000711e00000, 0x0000000711e00000, 0x0000000712000000|  0%| F|  |TAMS 0x0000000711e00000, 0x0000000711e00000| Untracked 
| 116|0x0000000712000000, 0x0000000712000000, 0x0000000712200000|  0%| F|  |TAMS 0x0000000712000000, 0x0000000712000000| Untracked 
| 117|0x0000000712200000, 0x0000000712200000, 0x0000000712400000|  0%| F|  |TAMS 0x0000000712200000, 0x0000000712200000| Untracked 
| 118|0x0000000712400000, 0x0000000712400000, 0x0000000712600000|  0%| F|  |TAMS 0x0000000712400000, 0x0000000712400000| Untracked 
| 119|0x0000000712600000, 0x0000000712600000, 0x0000000712800000|  0%| F|  |TAMS 0x0000000712600000, 0x0000000712600000| Untracked 
| 120|0x0000000712800000, 0x0000000712800000, 0x0000000712a00000|  0%| F|  |TAMS 0x0000000712800000, 0x0000000712800000| Untracked 
| 121|0x0000000712a00000, 0x0000000712a00000, 0x0000000712c00000|  0%| F|  |TAMS 0x0000000712a00000, 0x0000000712a00000| Untracked 
| 122|0x0000000712c00000, 0x0000000712cc1e30, 0x0000000712e00000| 37%| E|  |TAMS 0x0000000712c00000, 0x0000000712c00000| Complete 
| 123|0x0000000712e00000, 0x0000000713000000, 0x0000000713000000|100%| E|  |TAMS 0x0000000712e00000, 0x0000000712e00000| Complete 
| 124|0x0000000713000000, 0x0000000713200000, 0x0000000713200000|100%| E|CS|TAMS 0x0000000713000000, 0x0000000713000000| Complete 
| 125|0x0000000713200000, 0x0000000713400000, 0x0000000713400000|100%| E|CS|TAMS 0x0000000713200000, 0x0000000713200000| Complete 
| 126|0x0000000713400000, 0x0000000713600000, 0x0000000713600000|100%| E|CS|TAMS 0x0000000713400000, 0x0000000713400000| Complete 

Card table byte_map: [0x000001cd30080000,0x000001cd30870000] _byte_map_base: 0x000001cd2c864000

Marking Bits (Prev, Next): (CMBitMap*) 0x000001cd18353910, (CMBitMap*) 0x000001cd18353950
 Prev Bits: [0x000001cd31060000, 0x000001cd34f80000)
 Next Bits: [0x000001cd34f80000, 0x000001cd38ea0000)

Polling page: 0x000001cd1fdf0000

Metaspace:

Usage:
  Non-class:      1.74 MB used.
      Class:    190.14 KB used.
       Both:      1.93 MB used.

Virtual space:
  Non-class space:        8.00 MB reserved,       1.81 MB ( 23%) committed,  1 nodes.
      Class space:        1.00 GB reserved,     256.00 KB ( <1%) committed,  1 nodes.
             Both:        1.01 GB reserved,       2.06 MB ( <1%) committed. 

Chunk freelists:
   Non-Class:  3.48 MB
       Class:  3.69 MB
        Both:  7.17 MB

MaxMetaspaceSize: unlimited
CompressedClassSpaceSize: 1.00 GB
Initial GC threshold: 21.00 MB
Current GC threshold: 21.00 MB
CDS: on
MetaspaceReclaimPolicy: balanced
 - commit_granule_bytes: 65536.
 - commit_granule_words: 8192.
 - virtual_space_node_default_size: 1048576.
 - enlarge_chunks_in_place: 1.
 - new_chunks_are_fully_committed: 0.
 - uncommit_free_chunks: 1.
 - use_allocation_guard: 0.
 - handle_deallocations: 1.


Internal statistics:

num_allocs_failed_limit: 0.
num_arena_births: 24.
num_arena_deaths: 0.
num_vsnodes_births: 2.
num_vsnodes_deaths: 0.
num_space_committed: 33.
num_space_uncommitted: 0.
num_chunks_returned_to_freelist: 0.
num_chunks_taken_from_freelist: 58.
num_chunk_merges: 0.
num_chunk_splits: 35.
num_chunks_enlarged: 26.
num_purges: 0.
num_inconsistent_stats: 0.

CodeHeap 'non-profiled nmethods': size=120000Kb used=142Kb max_used=142Kb free=119858Kb
 bounds [0x000001cd278e0000, 0x000001cd27b50000, 0x000001cd2ee10000]
CodeHeap 'profiled nmethods': size=120000Kb used=766Kb max_used=766Kb free=119233Kb
 bounds [0x000001cd203b0000, 0x000001cd20620000, 0x000001cd278e0000]
CodeHeap 'non-nmethods': size=5760Kb used=1145Kb max_used=1159Kb free=4614Kb
 bounds [0x000001cd1fe10000, 0x000001cd20080000, 0x000001cd203b0000]
 total_blobs=923 nmethods=490 adapters=346
 compilation: enabled
              stopped_count=0, restarted_count=0
 full_count=0

Compilation events (20 events):
Event: 0.437 Thread 0x000001cd3b98a7e0 nmethod 428 0x000001cd278feb10 code [0x000001cd278fec80, 0x000001cd278fed78]
Event: 0.438 Thread 0x000001cd3b993290  429       3       java.util.jar.Manifest$FastInputStream::readLine (9 bytes)
Event: 0.438 Thread 0x000001cd3b993290 nmethod 429 0x000001cd20455d90 code [0x000001cd20455f40, 0x000001cd204560a8]
Event: 0.439 Thread 0x000001cd3b993290  430       3       java.util.jar.Manifest$FastInputStream::peek (38 bytes)
Event: 0.439 Thread 0x000001cd3b993290 nmethod 430 0x000001cd20456190 code [0x000001cd20456340, 0x000001cd20456568]
Event: 0.440 Thread 0x000001cd3b993290  431       3       java.lang.String::toLowerCase (29 bytes)
Event: 0.440 Thread 0x000001cd3b993290 nmethod 431 0x000001cd20456690 code [0x000001cd20456860, 0x000001cd20456b38]
Event: 0.440 Thread 0x000001cd3b993290  432       3       java.nio.Buffer::scope (17 bytes)
Event: 0.441 Thread 0x000001cd3b993290 nmethod 432 0x000001cd20456c10 code [0x000001cd20456dc0, 0x000001cd20456f68]
Event: 0.441 Thread 0x000001cd3b993290  433       3       java.nio.Buffer::checkIndex (22 bytes)
Event: 0.441 Thread 0x000001cd3b993290 nmethod 433 0x000001cd20457010 code [0x000001cd204571c0, 0x000001cd20457428]
Event: 0.442 Thread 0x000001cd3b993290  434       3       java.io.RandomAccessFile::readFully (45 bytes)
Event: 0.442 Thread 0x000001cd3b98a7e0  435       4       java.util.zip.ZipFile$Source::zipCoderForPos (39 bytes)
Event: 0.442 Thread 0x000001cd3b993290 nmethod 434 0x000001cd20457510 code [0x000001cd204576e0, 0x000001cd20457ab8]
Event: 0.443 Thread 0x000001cd3b993290  437       3       java.util.jar.JarFile::getJarEntry (9 bytes)
Event: 0.443 Thread 0x000001cd3b98a7e0 nmethod 435 0x000001cd278fee90 code [0x000001cd278ff000, 0x000001cd278ff0b8]
Event: 0.443 Thread 0x000001cd3b98a7e0  436   !   4       java.util.zip.ZipFile$Source::checkAndAddEntry (209 bytes)
Event: 0.444 Thread 0x000001cd3b993290 nmethod 437 0x000001cd20457c90 code [0x000001cd20457e80, 0x000001cd20458358]
Event: 0.444 Thread 0x000001cd3b993290  438       3       java.util.jar.JarFile::getEntry (35 bytes)
Event: 0.444 Thread 0x000001cd3b993290 nmethod 438 0x000001cd20458490 code [0x000001cd20458680, 0x000001cd20458b18]

GC Heap History (0 events):
No events

Deoptimization events (20 events):
Event: 0.425 Thread 0x000001cd182e4190 DEOPT PACKING pc=0x000001cd203ce98c sp=0x000000282dffe080
Event: 0.425 Thread 0x000001cd182e4190 DEOPT UNPACKING pc=0x000001cd1fe62b43 sp=0x000000282dffd510 mode 0
Event: 0.425 Thread 0x000001cd182e4190 DEOPT PACKING pc=0x000001cd203ce98c sp=0x000000282dffe080
Event: 0.425 Thread 0x000001cd182e4190 DEOPT UNPACKING pc=0x000001cd1fe62b43 sp=0x000000282dffd510 mode 0
Event: 0.425 Thread 0x000001cd182e4190 DEOPT PACKING pc=0x000001cd203ce98c sp=0x000000282dffe080
Event: 0.425 Thread 0x000001cd182e4190 DEOPT UNPACKING pc=0x000001cd1fe62b43 sp=0x000000282dffd510 mode 0
Event: 0.426 Thread 0x000001cd182e4190 DEOPT PACKING pc=0x000001cd203ce98c sp=0x000000282dffe080
Event: 0.426 Thread 0x000001cd182e4190 DEOPT UNPACKING pc=0x000001cd1fe62b43 sp=0x000000282dffd510 mode 0
Event: 0.426 Thread 0x000001cd182e4190 DEOPT PACKING pc=0x000001cd203ce98c sp=0x000000282dffe080
Event: 0.426 Thread 0x000001cd182e4190 DEOPT UNPACKING pc=0x000001cd1fe62b43 sp=0x000000282dffd510 mode 0
Event: 0.426 Thread 0x000001cd182e4190 DEOPT PACKING pc=0x000001cd203ce98c sp=0x000000282dffe080
Event: 0.426 Thread 0x000001cd182e4190 DEOPT UNPACKING pc=0x000001cd1fe62b43 sp=0x000000282dffd510 mode 0
Event: 0.426 Thread 0x000001cd182e4190 DEOPT PACKING pc=0x000001cd203ce98c sp=0x000000282dffe080
Event: 0.426 Thread 0x000001cd182e4190 DEOPT UNPACKING pc=0x000001cd1fe62b43 sp=0x000000282dffd510 mode 0
Event: 0.427 Thread 0x000001cd182e4190 DEOPT PACKING pc=0x000001cd203ce98c sp=0x000000282dffe080
Event: 0.427 Thread 0x000001cd182e4190 DEOPT UNPACKING pc=0x000001cd1fe62b43 sp=0x000000282dffd510 mode 0
Event: 0.427 Thread 0x000001cd182e4190 DEOPT PACKING pc=0x000001cd203ce98c sp=0x000000282dffe080
Event: 0.427 Thread 0x000001cd182e4190 DEOPT UNPACKING pc=0x000001cd1fe62b43 sp=0x000000282dffd510 mode 0
Event: 0.430 Thread 0x000001cd182e4190 DEOPT PACKING pc=0x000001cd203ce98c sp=0x000000282dffe080
Event: 0.430 Thread 0x000001cd182e4190 DEOPT UNPACKING pc=0x000001cd1fe62b43 sp=0x000000282dffd510 mode 0

Classes unloaded (0 events):
No events

Classes redefined (0 events):
No events

Internal exceptions (7 events):
Event: 0.183 Thread 0x000001cd182e4190 Exception <a 'java/lang/NoSuchMethodError'{0x000000071327bc20}: 'java.lang.Object java.lang.invoke.DirectMethodHandle$Holder.invokeStaticInit(java.lang.Object)'> (0x000000071327bc20) 
thrown [c:\wsjdk\corretto17src\installers\windows\zip\corretto-build\buildroot\src\hotspot\share\interpreter\linkResolver.cpp, line 766]
Event: 0.226 Thread 0x000001cd182e4190 Exception <a 'java/lang/NoSuchMethodError'{0x00000007132b1608}: 'int java.lang.invoke.DirectMethodHandle$Holder.invokeSpecial(java.lang.Object, java.lang.Object, java.lang.Object)'> (0x00000007132b1608) 
thrown [c:\wsjdk\corretto17src\installers\windows\zip\corretto-build\buildroot\src\hotspot\share\interpreter\linkResolver.cpp, line 766]
Event: 0.382 Thread 0x000001cd3c644a00 Exception <a 'java/lang/NoSuchMethodError'{0x00000007130a7478}: 'void java.lang.invoke.DirectMethodHandle$Holder.invokeStatic(java.lang.Object, long)'> (0x00000007130a7478) 
thrown [c:\wsjdk\corretto17src\installers\windows\zip\corretto-build\buildroot\src\hotspot\share\interpreter\linkResolver.cpp, line 766]
Event: 0.384 Thread 0x000001cd3c644a00 Exception <a 'java/lang/NoSuchMethodError'{0x00000007130acb68}: 'java.lang.Object java.lang.invoke.DirectMethodHandle$Holder.newInvokeSpecial(java.lang.Object, long)'> (0x00000007130acb68) 
thrown [c:\wsjdk\corretto17src\installers\windows\zip\corretto-build\buildroot\src\hotspot\share\interpreter\linkResolver.cpp, line 766]
Event: 0.390 Thread 0x000001cd3c644a00 Exception <a 'java/lang/NoSuchMethodError'{0x00000007130b86d0}: 'java.lang.Object java.lang.invoke.DirectMethodHandle$Holder.invokeStaticInit(java.lang.Object, java.lang.Object, long, java.lang.Object)'> (0x00000007130b86d0) 
thrown [c:\wsjdk\corretto17src\installers\windows\zip\corretto-build\buildroot\src\hotspot\share\interpreter\linkResolver.cpp, line 766]
Event: 0.392 Thread 0x000001cd3c644a00 Exception <a 'java/lang/NoSuchMethodError'{0x00000007130bed90}: 'java.lang.Object java.lang.invoke.DirectMethodHandle$Holder.newInvokeSpecial(java.lang.Object, java.lang.Object, long)'> (0x00000007130bed90) 
thrown [c:\wsjdk\corretto17src\installers\windows\zip\corretto-build\buildroot\src\hotspot\share\interpreter\linkResolver.cpp, line 766]
Event: 0.393 Thread 0x000001cd3c644a00 Exception <a 'java/lang/NoSuchMethodError'{0x00000007130c3080}: 'java.lang.Object java.lang.invoke.Invokers$Holder.linkToTargetMethod(java.lang.Object, long, java.lang.Object)'> (0x00000007130c3080) 
thrown [c:\wsjdk\corretto17src\installers\windows\zip\corretto-build\buildroot\src\hotspot\share\interpreter\linkResolver.cpp, line 766]

VM Operations (4 events):
Event: 0.117 Executing VM operation: HandshakeAllThreads
Event: 0.117 Executing VM operation: HandshakeAllThreads done
Event: 0.346 Executing VM operation: HandshakeAllThreads
Event: 0.346 Executing VM operation: HandshakeAllThreads done

Events (20 events):
Event: 0.396 loading class java/lang/ProcessBuilder$NullInputStream
Event: 0.396 loading class java/lang/ProcessBuilder$NullInputStream done
Event: 0.396 loading class jdk/internal/event/ProcessStartEvent
Event: 0.396 loading class jdk/internal/event/Event
Event: 0.396 loading class jdk/internal/event/Event done
Event: 0.396 loading class jdk/internal/event/ProcessStartEvent done
Event: 0.397 loading class java/util/Scanner
Event: 0.397 loading class java/util/Scanner done
Event: 0.402 loading class jdk/internal/loader/URLClassPath$FileLoader
Event: 0.402 loading class jdk/internal/loader/URLClassPath$FileLoader done
Event: 0.405 loading class java/io/InputStreamReader
Event: 0.405 loading class java/io/Reader
Event: 0.405 loading class java/io/Reader done
Event: 0.406 loading class java/io/InputStreamReader done
Event: 0.406 loading class sun/nio/cs/StreamDecoder
Event: 0.406 loading class sun/nio/cs/StreamDecoder done
Event: 0.406 loading class sun/nio/cs/US_ASCII$Decoder
Event: 0.406 loading class sun/nio/cs/US_ASCII$Decoder done
Event: 0.406 loading class java/util/Scanner$PatternLRUCache
Event: 0.406 loading class java/util/Scanner$PatternLRUCache done


Dynamic libraries:
0x00007ff6298f0000 - 0x00007ff6298fd000 	C:\Users\matfi\.jdks\corretto-17.0.3\bin\java.exe
0x00007ffcdc690000 - 0x00007ffcdc885000 	C:\Windows\SYSTEM32\ntdll.dll
0x00007ffcdb580000 - 0x00007ffcdb63d000 	C:\Windows\System32\KERNEL32.DLL
0x00007ffcda300000 - 0x00007ffcda5cd000 	C:\Windows\System32\KERNELBASE.dll
0x00007ffcd9e10000 - 0x00007ffcd9f10000 	C:\Windows\System32\ucrtbase.dll
0x00007ffcb31b0000 - 0x00007ffcb31c8000 	C:\Users\matfi\.jdks\corretto-17.0.3\bin\jli.dll
0x00007ffca5540000 - 0x00007ffca5555000 	C:\Users\matfi\.jdks\corretto-17.0.3\bin\VCRUNTIME140.dll
0x00007ffcdbcf0000 - 0x00007ffcdbe90000 	C:\Windows\System32\USER32.dll
0x00007ffcbd520000 - 0x00007ffcbd7ba000 	C:\Windows\WinSxS\amd64_microsoft.windows.common-controls_6595b64144ccf1df_6.0.19041.1110_none_60b5254171f9507e\COMCTL32.dll
0x00007ffcda020000 - 0x00007ffcda042000 	C:\Windows\System32\win32u.dll
0x00007ffcdb470000 - 0x00007ffcdb50e000 	C:\Windows\System32\msvcrt.dll
0x00007ffcdc620000 - 0x00007ffcdc64a000 	C:\Windows\System32\GDI32.dll
0x00007ffcd9f10000 - 0x00007ffcda01b000 	C:\Windows\System32\gdi32full.dll
0x00007ffcda100000 - 0x00007ffcda19d000 	C:\Windows\System32\msvcp_win.dll
0x00007ffcdbcc0000 - 0x00007ffcdbcf0000 	C:\Windows\System32\IMM32.DLL
0x00007ffc9cde0000 - 0x00007ffc9ce7b000 	C:\Users\matfi\.jdks\corretto-17.0.3\bin\msvcp140.dll
0x00007ffc5dbf0000 - 0x00007ffc5e80b000 	C:\Users\matfi\.jdks\corretto-17.0.3\bin\server\jvm.dll
0x00007ffcdc460000 - 0x00007ffcdc50e000 	C:\Windows\System32\ADVAPI32.dll
0x00007ffcdc0c0000 - 0x00007ffcdc15c000 	C:\Windows\System32\sechost.dll
0x00007ffcdc1f0000 - 0x00007ffcdc315000 	C:\Windows\System32\RPCRT4.dll
0x00007ffcda6e0000 - 0x00007ffcda6e8000 	C:\Windows\System32\PSAPI.DLL
0x00007ffcbd0e0000 - 0x00007ffcbd0e9000 	C:\Windows\SYSTEM32\WSOCK32.dll
0x00007ffcc9850000 - 0x00007ffcc985a000 	C:\Windows\SYSTEM32\VERSION.dll
0x00007ffcbb0d0000 - 0x00007ffcbb0f7000 	C:\Windows\SYSTEM32\WINMM.dll
0x00007ffcdb710000 - 0x00007ffcdb77b000 	C:\Windows\System32\WS2_32.dll
0x00007ffcd8630000 - 0x00007ffcd8642000 	C:\Windows\SYSTEM32\kernel.appcore.dll
0x00007ffcd5020000 - 0x00007ffcd502a000 	C:\Users\matfi\.jdks\corretto-17.0.3\bin\jimage.dll
0x00007ffcd8400000 - 0x00007ffcd85e4000 	C:\Windows\SYSTEM32\DBGHELP.DLL
0x00007ffcbce30000 - 0x00007ffcbce5c000 	C:\Windows\SYSTEM32\dbgcore.DLL
0x00007ffcda650000 - 0x00007ffcda6d2000 	C:\Windows\System32\bcryptPrimitives.dll
0x00007ffca5340000 - 0x00007ffca5365000 	C:\Users\matfi\.jdks\corretto-17.0.3\bin\java.dll
0x00007ffc93050000 - 0x00007ffc93126000 	C:\Users\matfi\.jdks\corretto-17.0.3\bin\jsvml.dll
0x00007ffcdad20000 - 0x00007ffcdb464000 	C:\Windows\System32\SHELL32.dll
0x00007ffcd7c60000 - 0x00007ffcd83f4000 	C:\Windows\SYSTEM32\windows.storage.dll
0x00007ffcdb780000 - 0x00007ffcdbad4000 	C:\Windows\System32\combase.dll
0x00007ffcd9800000 - 0x00007ffcd982c000 	C:\Windows\SYSTEM32\Wldp.dll
0x00007ffcdc570000 - 0x00007ffcdc61d000 	C:\Windows\System32\SHCORE.dll
0x00007ffcdc400000 - 0x00007ffcdc455000 	C:\Windows\System32\shlwapi.dll
0x00007ffcd9ce0000 - 0x00007ffcd9cff000 	C:\Windows\SYSTEM32\profapi.dll
0x00007ffca5120000 - 0x00007ffca5139000 	C:\Users\matfi\.jdks\corretto-17.0.3\bin\net.dll
0x00007ffcd75b0000 - 0x00007ffcd76ba000 	C:\Windows\SYSTEM32\WINHTTP.dll
0x00007ffcd9560000 - 0x00007ffcd95ca000 	C:\Windows\system32\mswsock.dll
0x00007ffca5100000 - 0x00007ffca5115000 	C:\Users\matfi\.jdks\corretto-17.0.3\bin\nio.dll
0x00007ffca50e0000 - 0x00007ffca50f8000 	C:\Users\matfi\.jdks\corretto-17.0.3\bin\zip.dll
0x00007ffcad680000 - 0x00007ffcad689000 	C:\Users\matfi\.jdks\corretto-17.0.3\bin\management.dll
0x00007ffcad670000 - 0x00007ffcad67b000 	C:\Users\matfi\.jdks\corretto-17.0.3\bin\management_ext.dll
0x00007ffcac2f0000 - 0x00007ffcac300000 	C:\Users\matfi\.jdks\corretto-17.0.3\bin\verify.dll

dbghelp: loaded successfully - version: 4.0.5 - missing functions: none
symbol engine: initialized successfully - sym options: 0x614 - pdb path: .;C:\Users\matfi\.jdks\corretto-17.0.3\bin;C:\Windows\SYSTEM32;C:\Windows\WinSxS\amd64_microsoft.windows.common-controls_6595b64144ccf1df_6.0.19041.1110_none_60b5254171f9507e;C:\Users\matfi\.jdks\corretto-17.0.3\bin\server

VM Arguments:
java_command: C:\Users\matfi\AppData\Local\Temp\surefire8658713068846394304\surefirebooter5842259669001458830.jar C:\Users\matfi\AppData\Local\Temp\surefire8658713068846394304 2022-06-14T04-51-59_143-jvmRun1 surefire10701433601436732701tmp surefire_07668686251718758307tmp
java_class_path (initial): C:\Users\matfi\AppData\Local\Temp\surefire8658713068846394304\surefirebooter5842259669001458830.jar
Launcher Type: SUN_STANDARD

[Global flags]
     intx CICompilerCount                          = 4                                         {product} {ergonomic}
     uint ConcGCThreads                            = 2                                         {product} {ergonomic}
     uint G1ConcRefinementThreads                  = 8                                         {product} {ergonomic}
   size_t G1HeapRegionSize                         = 2097152                                   {product} {ergonomic}
    uintx GCDrainStackTargetSize                   = 64                                        {product} {ergonomic}
   size_t InitialHeapSize                          = 266338304                                 {product} {ergonomic}
   size_t MarkStackSize                            = 4194304                                   {product} {ergonomic}
   size_t MaxHeapSize                              = 4236247040                                {product} {ergonomic}
   size_t MaxNewSize                               = 2541748224                                {product} {ergonomic}
   size_t MinHeapDeltaBytes                        = 2097152                                   {product} {ergonomic}
   size_t MinHeapSize                              = 8388608                                   {product} {ergonomic}
    uintx NonNMethodCodeHeapSize                   = 5839372                                {pd product} {ergonomic}
    uintx NonProfiledCodeHeapSize                  = 122909434                              {pd product} {ergonomic}
    uintx ProfiledCodeHeapSize                     = 122909434                              {pd product} {ergonomic}
    uintx ReservedCodeCacheSize                    = 251658240                              {pd product} {ergonomic}
     bool SegmentedCodeCache                       = true                                      {product} {ergonomic}
   size_t SoftMaxHeapSize                          = 4236247040                             {manageable} {ergonomic}
     bool UseCompressedClassPointers               = true                           {product lp64_product} {ergonomic}
     bool UseCompressedOops                        = true                           {product lp64_product} {ergonomic}
     bool UseG1GC                                  = true                                      {product} {ergonomic}
     bool UseLargePagesIndividualAllocation        = false                                  {pd product} {ergonomic}

Logging:
Log output configuration:
 #0: stdout all=warning uptime,level,tags
 #1: stderr all=off uptime,level,tags

Environment Variables:
PATH=C:\Program Files\National Instruments\Shared\OpenVINO\;C:\Python310\Scripts\;C:\Python310\;C:\Windows\system32;C:\Windows;C:\Windows\System32\Wbem;C:\Windows\System32\WindowsPowerShell\v1.0\;C:\Windows\System32\OpenSSH\;C:\Program Files\Git\cmd;C:\ProgramData\chocolatey\bin;C:\Program Files\nodejs\;C:\Program Files (x86)\IVI Foundation\VISA\WinNT\Bin\;C:\Program Files\IVI Foundation\VISA\Win64\Bin\;C:\Program Files (x86)\National Instruments\Shared\LabVIEW CLI;C:\Program Files (x86)\IVI Foundation\IVI\bin;C:\Program Files\IVI Foundation\IVI\bin;C:\Program Files (x86)\IVI Foundation\VISA\WinNT\Bin;C:\Program Files\PuTTY\;C:\Users\matfi\AppData\Local\Microsoft\WindowsApps;C:\Users\matfi\AppData\Local\Programs\Microsoft VS Code\bin;C:\Users\matfi\AppData\Roaming\npm;C:\Program Files\heroku\bin;C:\Users\matfi\AppData\Roaming\Python\Python310\Scripts;;C:\Program Files\JetBrains\IntelliJ IDEA Community Edition 2022.1.1\bin;
USERNAME=matfi
OS=Windows_NT
PROCESSOR_IDENTIFIER=Intel64 Family 6 Model 142 Stepping 12, GenuineIntel



---------------  S Y S T E M  ---------------

OS:
 Windows 10 , 64 bit Build 19041 (10.0.19041.1706)
OS uptime: 13 days 21:21 hours

CPU: total 8 (initial active 8) (4 cores per cpu, 2 threads per core) family 6 model 142 stepping 12 microcode 0xde, cx8, cmov, fxsr, ht, mmx, 3dnowpref, sse, sse2, sse3, ssse3, sse4.1, sse4.2, popcnt, lzcnt, tsc, tscinvbit, avx, avx2, aes, erms, clmul, bmi1, bmi2, adx, fma, vzeroupper, clflush, clflushopt

Memory: 4k page, system-wide physical 16157M (2782M free)
TotalPageFile size 46522M (AvailPageFile size 6M)
current process WorkingSet (physical memory assigned to process): 47M, peak: 47M
current process commit charge ("private bytes"): 347M, peak: 347M

vm_info: OpenJDK 64-Bit Server VM (17.0.3+6-LTS) for windows-amd64 JRE (17.0.3+6-LTS), built on Apr 15 2022 22:16:02 by "Administrator" with MS VC++ 15.9 (VS2017)

END.
