#
# There is insufficient memory for the Java Runtime Environment to continue.
# Native memory allocation (mmap) failed to map 266338304 bytes for G1 virtual space
# Possible reasons:
#   The system is out of physical RAM or swap space
#   The process is running with CompressedOops enabled, and the Java Heap may be blocking the growth of the native heap
# Possible solutions:
#   Reduce memory load on the system
#   Increase physical memory or swap space
#   Check if swap backing store is full
#   Decrease Java heap size (-Xmx/-Xms)
#   Decrease number of Java threads
#   Decrease Java thread stack sizes (-Xss)
#   Set larger code cache with -XX:ReservedCodeCacheSize=
#   JVM is running with Zero Based Compressed Oops mode in which the Java heap is
#     placed in the first 32GB address space. The Java Heap base address is the
#     maximum limit for the native heap growth. Please use -XX:HeapBaseMinAddress
#     to set the Java Heap base and to place the Java Heap above 32GB virtual address.
# This output file may be truncated or incomplete.
#
#  Out of Memory Error (os_windows.cpp:3535), pid=40676, tid=33628
#
# JRE version:  (17.0.3+6) (build )
# Java VM: OpenJDK 64-Bit Server VM (17.0.3+6-LTS, mixed mode, sharing, tiered, compressed oops, compressed class ptrs, g1 gc, windows-amd64)
# No core dump will be written. Minidumps are not enabled by default on client versions of Windows
#

---------------  S U M M A R Y ------------

Command Line: C:\Users\matfi\AppData\Local\Temp\surefire11301502275930921488\surefirebooter4289824751455707813.jar C:\Users\matfi\AppData\Local\Temp\surefire11301502275930921488 2022-06-14T06-30-19_539-jvmRun1 surefire9074071008490985066tmp surefire_010677437893901621841tmp

Host: Intel(R) Core(TM) i5-10210U CPU @ 1.60GHz, 8 cores, 15G,  Windows 10 , 64 bit Build 19041 (10.0.19041.1706)
Time: Tue Jun 14 06:30:21 2022  Windows 10 , 64 bit Build 19041 (10.0.19041.1706) elapsed time: 0.036072 seconds (0d 0h 0m 0s)

---------------  T H R E A D  ---------------

Current thread (0x0000022729083dd0):  JavaThread "Unknown thread" [_thread_in_vm, id=33628, stack(0x0000003d62900000,0x0000003d62a00000)]

Stack: [0x0000003d62900000,0x0000003d62a00000]
Native frames: (J=compiled Java code, j=interpreted, Vv=VM code, C=native code)
V  [jvm.dll+0x645e5a]
V  [jvm.dll+0x7f6fc4]
V  [jvm.dll+0x7f877e]
V  [jvm.dll+0x7f8dd3]
V  [jvm.dll+0x234bb8]
V  [jvm.dll+0x642d9a]
V  [jvm.dll+0x637762]
V  [jvm.dll+0x2f2d09]
V  [jvm.dll+0x2f9ee6]
V  [jvm.dll+0x3459ea]
V  [jvm.dll+0x345c2f]
V  [jvm.dll+0x2c91a8]
V  [jvm.dll+0x2ca139]
V  [jvm.dll+0x7ca6e1]
V  [jvm.dll+0x352e01]
V  [jvm.dll+0x7aab0e]
V  [jvm.dll+0x3ce743]
V  [jvm.dll+0x3d0181]
C  [jli.dll+0x51af]
C  [ucrtbase.dll+0x21bb2]
C  [KERNEL32.DLL+0x17034]
C  [ntdll.dll+0x52651]


---------------  P R O C E S S  ---------------

Threads class SMR info:
_java_thread_list=0x00007ffc5922d718, length=0, elements={
}

Java Threads: ( => current thread )

Other Threads:
  0x00000227290f2b80 GCTaskThread "GC Thread#0" [stack: 0x0000003d62a00000,0x0000003d62b00000] [id=46096]
  0x0000022729103740 ConcurrentGCThread "G1 Main Marker" [stack: 0x0000003d62b00000,0x0000003d62c00000] [id=9664]
  0x0000022729105160 ConcurrentGCThread "G1 Conc#0" [stack: 0x0000003d62c00000,0x0000003d62d00000] [id=9676]

[error occurred during error reporting (printing all threads), id 0xc0000005, EXCEPTION_ACCESS_VIOLATION (0xc0000005) at pc=0x00007ffc58a1a397]

VM state: not at safepoint (not fully initialized)

VM Mutex/Monitor currently owned by a thread:  ([mutex/lock_event])
[0x0000022728fae9e0] Heap_lock - owner thread: 0x0000022729083dd0

Heap address: 0x0000000703800000, size: 4040 MB, Compressed Oops mode: Zero based, Oop shift amount: 3

CDS archive(s) mapped at: [0x0000000000000000-0x0000000000000000-0x0000000000000000), size 0, SharedBaseAddress: 0x0000000800000000, ArchiveRelocationMode: 0.
Narrow klass base: 0x0000000000000000, Narrow klass shift: 0, Narrow klass range: 0x0

GC Precious Log:
<Empty>

Heap:
 garbage-first heap   total 0K, used 0K [0x0000000703800000, 0x0000000800000000)
  region size 2048K, 0 young (0K), 0 survivors (0K)

[error occurred during error reporting (printing heap information), id 0xc0000005, EXCEPTION_ACCESS_VIOLATION (0xc0000005) at pc=0x00007ffc58ddd929]

GC Heap History (0 events):
No events

Deoptimization events (0 events):
No events

Classes unloaded (0 events):
No events

Classes redefined (0 events):
No events

Internal exceptions (0 events):
No events

VM Operations (0 events):
No events

Events (1 events):
Event: 0.022 Loaded shared library C:\Users\matfi\.jdks\corretto-17.0.3\bin\java.dll


Dynamic libraries:
0x00007ff6298f0000 - 0x00007ff6298fd000 	C:\Users\matfi\.jdks\corretto-17.0.3\bin\java.exe
0x00007ffcdc690000 - 0x00007ffcdc885000 	C:\Windows\SYSTEM32\ntdll.dll
0x00007ffcdb580000 - 0x00007ffcdb63d000 	C:\Windows\System32\KERNEL32.DLL
0x00007ffcda300000 - 0x00007ffcda5cd000 	C:\Windows\System32\KERNELBASE.dll
0x00007ffcd9e10000 - 0x00007ffcd9f10000 	C:\Windows\System32\ucrtbase.dll
0x00007ffcac580000 - 0x00007ffcac598000 	C:\Users\matfi\.jdks\corretto-17.0.3\bin\jli.dll
0x00007ffca5540000 - 0x00007ffca5555000 	C:\Users\matfi\.jdks\corretto-17.0.3\bin\VCRUNTIME140.dll
0x00007ffcdbcf0000 - 0x00007ffcdbe90000 	C:\Windows\System32\USER32.dll
0x00007ffcbd520000 - 0x00007ffcbd7ba000 	C:\Windows\WinSxS\amd64_microsoft.windows.common-controls_6595b64144ccf1df_6.0.19041.1110_none_60b5254171f9507e\COMCTL32.dll
0x00007ffcda020000 - 0x00007ffcda042000 	C:\Windows\System32\win32u.dll
0x00007ffcdb470000 - 0x00007ffcdb50e000 	C:\Windows\System32\msvcrt.dll
0x00007ffcdc620000 - 0x00007ffcdc64a000 	C:\Windows\System32\GDI32.dll
0x00007ffcd9f10000 - 0x00007ffcda01b000 	C:\Windows\System32\gdi32full.dll
0x00007ffcda100000 - 0x00007ffcda19d000 	C:\Windows\System32\msvcp_win.dll
0x00007ffcdbcc0000 - 0x00007ffcdbcf0000 	C:\Windows\System32\IMM32.DLL
0x00007ffc97820000 - 0x00007ffc978bb000 	C:\Users\matfi\.jdks\corretto-17.0.3\bin\msvcp140.dll
0x00007ffc58740000 - 0x00007ffc5935b000 	C:\Users\matfi\.jdks\corretto-17.0.3\bin\server\jvm.dll
0x00007ffcdc460000 - 0x00007ffcdc50e000 	C:\Windows\System32\ADVAPI32.dll
0x00007ffcdc0c0000 - 0x00007ffcdc15c000 	C:\Windows\System32\sechost.dll
0x00007ffcdc1f0000 - 0x00007ffcdc315000 	C:\Windows\System32\RPCRT4.dll
0x00007ffcda6e0000 - 0x00007ffcda6e8000 	C:\Windows\System32\PSAPI.DLL
0x00007ffcbd0e0000 - 0x00007ffcbd0e9000 	C:\Windows\SYSTEM32\WSOCK32.dll
0x00007ffcdb710000 - 0x00007ffcdb77b000 	C:\Windows\System32\WS2_32.dll
0x00007ffcbb0d0000 - 0x00007ffcbb0f7000 	C:\Windows\SYSTEM32\WINMM.dll
0x00007ffcc9850000 - 0x00007ffcc985a000 	C:\Windows\SYSTEM32\VERSION.dll
0x00007ffcd8630000 - 0x00007ffcd8642000 	C:\Windows\SYSTEM32\kernel.appcore.dll
0x00007ffcac2f0000 - 0x00007ffcac2fa000 	C:\Users\matfi\.jdks\corretto-17.0.3\bin\jimage.dll
0x00007ffcd8400000 - 0x00007ffcd85e4000 	C:\Windows\SYSTEM32\DBGHELP.DLL
0x00007ffcbce30000 - 0x00007ffcbce5c000 	C:\Windows\SYSTEM32\dbgcore.DLL
0x00007ffcda650000 - 0x00007ffcda6d2000 	C:\Windows\System32\bcryptPrimitives.dll
0x00007ffc9cd40000 - 0x00007ffc9cd65000 	C:\Users\matfi\.jdks\corretto-17.0.3\bin\java.dll

dbghelp: loaded successfully - version: 4.0.5 - missing functions: none
symbol engine: initialized successfully - sym options: 0x614 - pdb path: .;C:\Users\matfi\.jdks\corretto-17.0.3\bin;C:\Windows\SYSTEM32;C:\Windows\WinSxS\amd64_microsoft.windows.common-controls_6595b64144ccf1df_6.0.19041.1110_none_60b5254171f9507e;C:\Users\matfi\.jdks\corretto-17.0.3\bin\server

VM Arguments:
java_command: C:\Users\matfi\AppData\Local\Temp\surefire11301502275930921488\surefirebooter4289824751455707813.jar C:\Users\matfi\AppData\Local\Temp\surefire11301502275930921488 2022-06-14T06-30-19_539-jvmRun1 surefire9074071008490985066tmp surefire_010677437893901621841tmp
java_class_path (initial): C:\Users\matfi\AppData\Local\Temp\surefire11301502275930921488\surefirebooter4289824751455707813.jar
Launcher Type: SUN_STANDARD

[Global flags]
     intx CICompilerCount                          = 4                                         {product} {ergonomic}
     uint ConcGCThreads                            = 2                                         {product} {ergonomic}
     uint G1ConcRefinementThreads                  = 8                                         {product} {ergonomic}
   size_t G1HeapRegionSize                         = 2097152                                   {product} {ergonomic}
    uintx GCDrainStackTargetSize                   = 64                                        {product} {ergonomic}
   size_t InitialHeapSize                          = 266338304                                 {product} {ergonomic}
   size_t MarkStackSize                            = 4194304                                   {product} {ergonomic}
   size_t MaxHeapSize                              = 4236247040                                {product} {ergonomic}
   size_t MinHeapDeltaBytes                        = 2097152                                   {product} {ergonomic}
   size_t MinHeapSize                              = 8388608                                   {product} {ergonomic}
    uintx NonNMethodCodeHeapSize                   = 5839372                                {pd product} {ergonomic}
    uintx NonProfiledCodeHeapSize                  = 122909434                              {pd product} {ergonomic}
    uintx ProfiledCodeHeapSize                     = 122909434                              {pd product} {ergonomic}
    uintx ReservedCodeCacheSize                    = 251658240                              {pd product} {ergonomic}
     bool SegmentedCodeCache                       = true                                      {product} {ergonomic}
   size_t SoftMaxHeapSize                          = 4236247040                             {manageable} {ergonomic}
     bool UseCompressedClassPointers               = true                           {product lp64_product} {ergonomic}
     bool UseCompressedOops                        = true                           {product lp64_product} {ergonomic}
     bool UseG1GC                                  = true                                      {product} {ergonomic}
     bool UseLargePagesIndividualAllocation        = false                                  {pd product} {ergonomic}

Logging:
Log output configuration:
 #0: stdout all=warning uptime,level,tags
 #1: stderr all=off uptime,level,tags

Environment Variables:
PATH=C:\Program Files\Common Files\Oracle\Java\javapath;C:\Program Files (x86)\Common Files\Oracle\Java\javapath;C:\Program Files\National Instruments\Shared\OpenVINO\;C:\Python310\Scripts\;C:\Python310\;C:\Windows\system32;C:\Windows;C:\Windows\System32\Wbem;C:\Windows\System32\WindowsPowerShell\v1.0\;C:\Windows\System32\OpenSSH\;C:\Program Files\Git\cmd;C:\ProgramData\chocolatey\bin;C:\Program Files\nodejs\;C:\Program Files (x86)\IVI Foundation\VISA\WinNT\Bin\;C:\Program Files\IVI Foundation\VISA\Win64\Bin\;C:\Program Files (x86)\National Instruments\Shared\LabVIEW CLI;C:\Program Files (x86)\IVI Foundation\IVI\bin;C:\Program Files\IVI Foundation\IVI\bin;C:\Program Files (x86)\IVI Foundation\VISA\WinNT\Bin;C:\Program Files\PuTTY\;C:\Users\matfi\AppData\Local\Microsoft\WindowsApps;C:\Users\matfi\AppData\Local\Programs\Microsoft VS Code\bin;C:\Users\matfi\AppData\Roaming\npm;C:\Program Files\heroku\bin;C:\Users\matfi\AppData\Roaming\Python\Python310\Scripts;C:\Program Files\JetBrains\IntelliJ IDEA Community Edition 2022.1.1\bin;;C:\Program Files\MongoDB\Server\5.0\bin;C:\Program Files\Java\jdk-18.0.1.1\bin;
USERNAME=matfi
OS=Windows_NT
PROCESSOR_IDENTIFIER=Intel64 Family 6 Model 142 Stepping 12, GenuineIntel



---------------  S Y S T E M  ---------------

OS:
 Windows 10 , 64 bit Build 19041 (10.0.19041.1706)
OS uptime: 13 days 22:59 hours

CPU: total 8 (initial active 8) (4 cores per cpu, 2 threads per core) family 6 model 142 stepping 12 microcode 0xde, cx8, cmov, fxsr, ht, mmx, 3dnowpref, sse, sse2, sse3, ssse3, sse4.1, sse4.2, popcnt, lzcnt, tsc, tscinvbit, avx, avx2, aes, erms, clmul, bmi1, bmi2, adx, fma, vzeroupper, clflush, clflushopt

Memory: 4k page, system-wide physical 16157M (2819M free)
TotalPageFile size 46522M (AvailPageFile size 144M)
current process WorkingSet (physical memory assigned to process): 10M, peak: 10M
current process commit charge ("private bytes"): 60M, peak: 314M

vm_info: OpenJDK 64-Bit Server VM (17.0.3+6-LTS) for windows-amd64 JRE (17.0.3+6-LTS), built on Apr 15 2022 22:16:02 by "Administrator" with MS VC++ 15.9 (VS2017)

END.
